Script started on Qui 07 Jul 2016 13:31:54 BRT
]0;wendelhlc@wendelhlc-VirtualBox: ~/Documents/Site[01;32mwendelhlc@wendelhlc-VirtualBox[00m:[01;34m~/Documents/Site[00m$ clearsudo gparted[8Pexitsudo gparted[7Pclear[Kclear[Kscript
script        scriptreplay  
]0;wendelhlc@wendelhlc-VirtualBox: ~/Documents/Site[01;32mwendelhlc@wendelhlc-VirtualBox[00m:[01;34m~/Documents/Site[00m$ script/site_
site_cgi.pl      site_fastcgi.pl  site_test.pl     
site_create.pl   site_server.pl   
]0;wendelhlc@wendelhlc-VirtualBox: ~/Documents/Site[01;32mwendelhlc@wendelhlc-VirtualBox[00m:[01;34m~/Documents/Site[00m$ script/site_create.pl controlle r Home
 exists "/home/wendelhlc/Documents/Site/script/../lib/Site/Controller"
 exists "/home/wendelhlc/Documents/Site/script/../t"
created "/home/wendelhlc/Documents/Site/script/../lib/Site/Controller/Home.pm"
created "/home/wendelhlc/Documents/Site/script/../t/controller_Home.t"
]0;wendelhlc@wendelhlc-VirtualBox: ~/Documents/Site[01;32mwendelhlc@wendelhlc-VirtualBox[00m:[01;34m~/Documents/Site[00m$ ls
Changes     [0m[01;34mlib[0m          README  [01;34mscript[0m     site.psgi
controller  Makefile.PL  [01;34mroot[0m    site.conf  [01;34mt[0m
]0;wendelhlc@wendelhlc-VirtualBox: ~/Documents/Site[01;32mwendelhlc@wendelhlc-VirtualBox[00m:[01;34m~/Documents/Site[00m$ clear
[3;J[H[2J]0;wendelhlc@wendelhlc-VirtualBox: ~/Documents/Site[01;32mwendelhlc@wendelhlc-VirtualBox[00m:[01;34m~/Documents/Site[00m$ ls
Changes     [0m[01;34mlib[0m          README  [01;34mscript[0m     site.psgi
controller  Makefile.PL  [01;34mroot[0m    site.conf  [01;34mt[0m
]0;wendelhlc@wendelhlc-VirtualBox: ~/Documents/Site[01;32mwendelhlc@wendelhlc-VirtualBox[00m:[01;34m~/Documents/Site[00m$ vi controller
[?1049h[?1h=[1;24r[?12;25h[?12l[?25h[27m[23m[m[H[2J[?25l[24;1H"controller" 0 lines, 0 characters[2;1H[94m~                                                                               [3;1H~                                                                               [4;1H~                                                                               [5;1H~                                                                               [6;1H~                                                                               [7;1H~                                                                               [8;1H~                                                                               [9;1H~                                                                               [10;1H~                                                                               [11;1H~                                                                               [12;1H~                                                                               [13;1H~                                                                               [14;1H~                                                                               [15;1H~                                                                               [16;1H~                                                                               [17;1H~                                                                               [18;1H~                                                                               [19;1H~                                                                               [20;1H~                                                                               [21;1H~                                                                               [22;1H~                                                                               [23;1H~                                                                               [1;1H[?12l[?25h[?25l[m[24;1H[K[24;1H:[?12l[?25hq[?25l[24;1H[K[24;1H[?1l>[?12l[?25h[?1049l]0;wendelhlc@wendelhlc-VirtualBox: ~/Documents/Site[01;32mwendelhlc@wendelhlc-VirtualBox[00m:[01;34m~/Documents/Site[00m$ clear[K[K[K[K[Kcd r[Klib/Site/
Controller/ Model/      View/       
]0;wendelhlc@wendelhlc-VirtualBox: ~/Documents/Site[01;32mwendelhlc@wendelhlc-VirtualBox[00m:[01;34m~/Documents/Site[00m$ cd lib/Site/Controller/
]0;wendelhlc@wendelhlc-VirtualBox: ~/Documents/Site/lib/Site/Controller[01;32mwendelhlc@wendelhlc-VirtualBox[00m:[01;34m~/Documents/Site/lib/Site/Controller[00m$ ls
Home.pm  Root.pm
]0;wendelhlc@wendelhlc-VirtualBox: ~/Documents/Site/lib/Site/Controller[01;32mwendelhlc@wendelhlc-VirtualBox[00m:[01;34m~/Documents/Site/lib/Site/Controller[00m$ vi Home.pm  [A
[?1049h[?1h=[1;24r[?12;25h[?12l[?25h[27m[23m[m[H[2J[?25l[24;1H"Home.pm" 47 lines, 602 characters[1;1Hpackage Site::Controller::Home;
use Moose;
use namespace::autoclean;

BEGIN { extends 'Catalyst::Controller'; }

=head1 NAME

Site::Controller::Home - Catalyst Controller

=head1 DESCRIPTION

Catalyst Controller.

=head1 METHODS

=cut


=head2 index

=cut[1;1H[?12l[?25h





















[?25l[1;23r[23;1H
[1;24r[23;1Hsub index :Path :Args(0) {[24;1H[K[23;1H[?12l[?25h[?25l[1;23r[23;1H
[1;24r[23;5Hmy ( $self, $c ) = @_;[?12l[?25h[?25l[1;23r[23;1H
[1;24r[23;1H[?12l[?25h[?25l[1;23r[23;1H
[1;24r[23;5H$c->response->body('Matched Site::Controller::Home in Home.');[?12l[?25h[?25l[1;23r[23;1H
[1;24r[23;1H}[?12l[?25h[?25l[1;23r[23;1H
[1;24r[23;1H[?12l[?25h[22;1H[21;1H[20;1H[19;1H[18;1H[17;1H[16;1H[15;1H[14;1H[13;1H[12;1H[11;1H











[22;1H[21;1H    $c->response->body('Matched Sit

[?25l[1;23r[23;1H
[1;24r[23;1H[?12l[?25h[?25l[1;23r[23;1H
[1;24r[23;1H[?12l[?25h[?25l[1;23r[23;1H
[1;24r[23;1H=encoding utf8[?12l[?25h[?25l[1;23r[23;1H
[1;24r[23;1H[?12l[?25h[?25l[1;23r[23;1H
[1;24r[23;1H=head1 AUTHOR[?12l[?25h[?25l[1;23r[23;1H
[1;24r[23;1H[?12l[?25h[?25l[1;23r[23;1H
[1;24r[23;1HWendel Hime,,,[?12l[?25h[?25l[1;23r[23;1H
[1;24r[23;1H[?12l[?25h[?25l[1;23r[23;1H
[1;24r[23;1H=head1 LICENSE[?12l[?25h[22;1H[21;14H[20;1H[19;13H[18;1H[17;14H[16;1H[15;1H[14;1H[13;1H[12;36H[11;1H[12;36H
[12;36H
[12;36H[30C[11;1H[?25l[11;23r[11;1H[L[1;24r[11;1HB[?12l[?25h[?25l[11;23r[11;1H[L[1;24r[11;1HC[?12l[?25h[?25l[?12l[?25h[?25l[11;1H[K[11;1H[?12l[?25h
[?25l[12;1H[K[12;1H[?12l[?25h[?25l[24;1H:[?12l[?25hwq[?25l"Home.pm" 49 lines, 604 characters written
[?1l>[?12l[?25h[?1049l]0;wendelhlc@wendelhlc-VirtualBox: ~/Documents/Site/lib/Site/Controller[01;32mwendelhlc@wendelhlc-VirtualBox[00m:[01;34m~/Documents/Site/lib/Site/Controller[00m$ vi Home.pm  [A[C[C[C[C[C[C[C[C[C[C[C[C[C[C[C[C[C[C[C[C[C[C[C[C[C[C[C[C[C[C[C[C[C[C[C[C[C[C[C[C[C[C[C[C[C[C[C[C[C[C[C[C[C[C[C[C[C[C[C[C[C[C[C[C[C[C[C[C[C^C

]0;wendelhlc@wendelhlc-VirtualBox: ~/Documents/Site/lib/Site/Controller[01;32mwendelhlc@wendelhlc-VirtualBox[00m:[01;34m~/Documents/Site/lib/Site/Controller[00m$ clear
[3;J[H[2J]0;wendelhlc@wendelhlc-VirtualBox: ~/Documents/Site/lib/Site/Controller[01;32mwendelhlc@wendelhlc-VirtualBox[00m:[01;34m~/Documents/Site/lib/Site/Controller[00m$ clearvi Home.pm  [A[C[C[C[C[C[C[C[C[C[C[C[C[C[C[C[C[C[C[C[C[C[C[C[C[C[C[C[C[C[C[C[C[C[C[C[C[C[C[C[C[C[C[C[C[C[C[C[C[C[C[C[C[C[C[C[C[C[C[C[C[C[C[C[C[C[C[C[C[C[1P
[K[A[C[C[C[C[C[C[C[C[C[C[C[C[C[C[C[C[C[C[C[C[C[C[C[C[C[C[C[C[C[C[C[C[C[C[C[C[C[C[C[C[C[C[C[C[C[C[C[C[C[C[C[C[C[C[C[C[C[C[C[C[C[C[C[C[C[C[C[C[C[1P[1@ge Home.pm  [A]0;wendelhlc@wendelhlc-VirtualBox: ~/Documents/Site/lib/Site/Controller[01;32mwendelhlc@wendelhlc-VirtualBox[00m:[01;34m~/Documents/Site/lib/Site/Controller[00m$ [C[Cd Home.pm  [A]0;wendelhlc@wendelhlc-VirtualBox: ~/Documents/Site/lib/Site/Controller[01;32mwendelhlc@wendelhlc-VirtualBox[00m:[01;34m~/Documents/Site/lib/Site/Controller[00m$ [C[C[Ci Home.pm [A]0;wendelhlc@wendelhlc-VirtualBox: ~/Documents/Site/lib/Site/Controller[01;32mwendelhlc@wendelhlc-VirtualBox[00m:[01;34m~/Documents/Site/lib/Site/Controller[00m$ [C[C[C[Ct Home.pm [A]0;wendelhlc@wendelhlc-VirtualBox: ~/Documents/Site/lib/Site/Controller[01;32mwendelhlc@wendelhlc-VirtualBox[00m:[01;34m~/Documents/Site/lib/Site/Controller[00m$ [C[C[C[C[C
[C[C[C [K& 
[1] 30017
]0;wendelhlc@wendelhlc-VirtualBox: ~/Documents/Site/lib/Site/Controller[01;32mwendelhlc@wendelhlc-VirtualBox[00m:[01;34m~/Documents/Site/lib/Site/Controller[00m$ clear
[3;J[H[2J[1]+  Done                    gedit Home.pm
]0;wendelhlc@wendelhlc-VirtualBox: ~/Documents/Site/lib/Site/Controller[01;32mwendelhlc@wendelhlc-VirtualBox[00m:[01;34m~/Documents/Site/lib/Site/Controller[00m$ clear
[3;J[H[2J]0;wendelhlc@wendelhlc-VirtualBox: ~/Documents/Site/lib/Site/Controller[01;32mwendelhlc@wendelhlc-VirtualBox[00m:[01;34m~/Documents/Site/lib/Site/Controller[00m$ cd ../../.. /
]0;wendelhlc@wendelhlc-VirtualBox: ~/Documents/Site[01;32mwendelhlc@wendelhlc-VirtualBox[00m:[01;34m~/Documents/Site[00m$ ls
Changes     [0m[01;34mlib[0m          README  [01;34mscript[0m     site.psgi
controller  Makefile.PL  [01;34mroot[0m    site.conf  [01;34mt[0m
]0;wendelhlc@wendelhlc-VirtualBox: ~/Documents/Site[01;32mwendelhlc@wendelhlc-VirtualBox[00m:[01;34m~/Documents/Site[00m$ clae[K[Kear
[3;J[H[2J]0;wendelhlc@wendelhlc-VirtualBox: ~/Documents/Site[01;32mwendelhlc@wendelhlc-VirtualBox[00m:[01;34m~/Documents/Site[00m$ script/site_create.pl view TT T T
 exists "/home/wendelhlc/Documents/Site/script/../lib/Site/View"
 exists "/home/wendelhlc/Documents/Site/script/../t"
Couldn't load helper "Catalyst::Helper::View::TT", "Can't locate Catalyst/Helper/View/TT.pm in @INC (you may need to install the Catalyst::Helper::View::TT module) (@INC contains: /home/wendelhlc/Documents/Site/script/../lib /etc/perl /usr/local/lib/x86_64-linux-gnu/perl/5.22.1 /usr/local/share/perl/5.22.1 /usr/lib/x86_64-linux-gnu/perl5/5.22 /usr/share/perl5 /usr/lib/x86_64-linux-gnu/perl/5.22 /usr/share/perl/5.22 /usr/local/lib/site_perl /usr/lib/x86_64-linux-gnu/perl-base .) at (eval 322) line 2.
"]0;wendelhlc@wendelhlc-VirtualBox: ~/Documents/Site[01;32mwendelhlc@wendelhlc-VirtualBox[00m:[01;34m~/Documents/Site[00m$ cpan Catalyst::Helper::View::TT [A
Loading internal null logger. Install Log::Log4perl for logging messages
CPAN: Storable loaded ok (v2.53_01)
Reading '/home/wendelhlc/.cpan/Metadata'
^C
]0;wendelhlc@wendelhlc-VirtualBox: ~/Documents/Site[01;32mwendelhlc@wendelhlc-VirtualBox[00m:[01;34m~/Documents/Site[00m$ cpan Catalyst::Helper::View::TT [A[C[C[C[C[C[C[C[C[C[C[C[C[C[C[C[C[C[C[C[C[C[C[C[C[C[C[C[C[C[C[C[C[C[C[C[C[C[C[C[C[C[C[C[C[C[C[C[C[Cscpan Catalyst::Helper::View::TTT[A]0;wendelhlc@wendelhlc-VirtualBox: ~/Documents/Site[01;32mwendelhlc@wendelhlc-VirtualBox[00m:[01;34m~/Documents/Site[00m$ [Cucpan Catalyst::Helper::View::TT[A]0;wendelhlc@wendelhlc-VirtualBox: ~/Documents/Site[01;32mwendelhlc@wendelhlc-VirtualBox[00m:[01;34m~/Documents/Site[00m$ [C[Cdcpan Catalyst::Helper::View::[CT[A]0;wendelhlc@wendelhlc-VirtualBox: ~/Documents/Site[01;32mwendelhlc@wendelhlc-VirtualBox[00m:[01;34m~/Documents/Site[00m$ [C[C[Cocpan Catalyst::Helper::View::TT[A]0;wendelhlc@wendelhlc-VirtualBox: ~/Documents/Site[01;32mwendelhlc@wendelhlc-VirtualBox[00m:[01;34m~/Documents/Site[00m$ [C[C[C[C cpan Catalyst::Helper::View[C:TT[A]0;wendelhlc@wendelhlc-VirtualBox: ~/Documents/Site[01;32mwendelhlc@wendelhlc-VirtualBox[00m:[01;34m~/Documents/Site[00m$ [C[C[C[C[C

[sudo] password for wendelhlc: 
Loading internal null logger. Install Log::Log4perl for logging messages
CPAN: Storable loaded ok (v2.53_01)
Reading '/home/wendelhlc/.cpan/Metadata'
  Database was generated on Thu, 07 Jul 2016 14:41:02 GMT
Running install for module 'Catalyst::Helper::View::TT'
CPAN: LWP::UserAgent loaded ok (v6.15)
CPAN: Time::HiRes loaded ok (v1.9726)
Fetching with LWP:
http://www.cpan.org/authors/id/E/ET/ETHER/Catalyst-View-TT-0.44.tar.gz
CPAN: Digest::SHA loaded ok (v5.95)
CPAN: Compress::Zlib loaded ok (v2.068)
Checksum for /home/wendelhlc/.cpan/sources/authors/id/E/ET/ETHER/Catalyst-View-TT-0.44.tar.gz ok
CPAN: File::Temp loaded ok (v0.2304)
'YAML' not installed, will not store persistent state
CPAN: CPAN::Meta::Requirements loaded ok (v2.132)
CPAN: Parse::CPAN::Meta loaded ok (v1.4414)
CPAN: CPAN::Meta loaded ok (v2.150001)
CPAN: Module::CoreList loaded ok (v5.20151213)
Configuring E/ET/ETHER/Catalyst-View-TT-0.44.tar.gz with Makefile.PL
Checking if your kit is complete...
Looks good
Warning: prerequisite Template::Timer 0 not found.
Generating a Unix-style Makefile
Writing Makefile for Catalyst::View::TT
Writing MYMETA.yml and MYMETA.json
  ETHER/Catalyst-View-TT-0.44.tar.gz
  /usr/bin/perl Makefile.PL INSTALLDIRS=site -- OK
Running make for E/ET/ETHER/Catalyst-View-TT-0.44.tar.gz
---- Unsatisfied dependencies detected during ----
----    ETHER/Catalyst-View-TT-0.44.tar.gz    ----
    Template::Timer [requires]
Running install for module 'Template::Timer'
Fetching with LWP:
http://www.cpan.org/authors/id/P/PE/PETDANCE/Template-Timer-1.00.tar.gz
Fetching with LWP:
http://www.cpan.org/authors/id/P/PE/PETDANCE/CHECKSUMS
Checksum for /home/wendelhlc/.cpan/sources/authors/id/P/PE/PETDANCE/Template-Timer-1.00.tar.gz ok
Configuring P/PE/PETDANCE/Template-Timer-1.00.tar.gz with Makefile.PL
WARNING: EXTRA_META is not a known parameter.
Checking if your kit is complete...
Looks good
'EXTRA_META' is not a known MakeMaker parameter name.
Generating a Unix-style Makefile
Writing Makefile for Template::Timer
Writing MYMETA.yml and MYMETA.json
  PETDANCE/Template-Timer-1.00.tar.gz
  /usr/bin/perl Makefile.PL INSTALLDIRS=site -- OK
Running make for P/PE/PETDANCE/Template-Timer-1.00.tar.gz
cp Timer.pm blib/lib/Template/Timer.pm
Manifying 1 pod document
  PETDANCE/Template-Timer-1.00.tar.gz
  /usr/bin/make -- OK
Running make test
PERL_DL_NONLAZY=1 "/usr/bin/perl" "-MExtUtils::Command::MM" "-MTest::Harness" "-e" "undef *Test::Harness::Switches; test_harness(0, 'blib/lib', 'blib/arch')" t/*.t
t/00-load.t .. t/00-load.t .. 1/1 # Testing Template::Timer 1.00
                    t/00-load.t .. ok
t/eval.t ..... t/eval.t ..... 1/3                     t/eval.t ..... ok
t/pod.t ...... t/pod.t ...... 1/1                     t/pod.t ...... ok
All tests successful.
Files=3, Tests=5,  0 wallclock secs ( 0.03 usr  0.00 sys +  0.13 cusr  0.05 csys =  0.21 CPU)
Result: PASS
  PETDANCE/Template-Timer-1.00.tar.gz
  /usr/bin/make test -- OK
Running make install
Manifying 1 pod document
Installing /usr/local/share/perl/5.22.1/Template/Timer.pm
Installing /usr/local/man/man3/Template::Timer.3pm
Appending installation info to /usr/local/lib/x86_64-linux-gnu/perl/5.22.1/perllocal.pod
  PETDANCE/Template-Timer-1.00.tar.gz
  /usr/bin/make install  -- OK
  ETHER/Catalyst-View-TT-0.44.tar.gz
  Has already been unwrapped into directory /home/wendelhlc/.cpan/build/Catalyst-View-TT-0.44-OqzGs3
  ETHER/Catalyst-View-TT-0.44.tar.gz
  Has already been prepared
Running make for E/ET/ETHER/Catalyst-View-TT-0.44.tar.gz
cp lib/Catalyst/Helper/View/TTSite.pm blib/lib/Catalyst/Helper/View/TTSite.pm
cp lib/Catalyst/Helper/View/TT.pm blib/lib/Catalyst/Helper/View/TT.pm
cp lib/Catalyst/View/TT.pm blib/lib/Catalyst/View/TT.pm
Manifying 3 pod documents
  ETHER/Catalyst-View-TT-0.44.tar.gz
  /usr/bin/make -- OK
Running make test
PERL_DL_NONLAZY=1 "/usr/bin/perl" "-MExtUtils::Command::MM" "-MTest::Harness" "-e" "undef *Test::Harness::Switches; test_harness(0, 'blib/lib', 'blib/arch')" t/*.t
t/01use.t ................. t/01use.t ................. 1/2                                  t/01use.t ................. ok
t/04pkgconfig.t ........... t/04pkgconfig.t ........... 1/5                                  t/04pkgconfig.t ........... ok
t/05appconfig.t ........... t/05appconfig.t ........... 1/5                                  t/05appconfig.t ........... ok
t/06includepath.t ......... t/06includepath.t ......... 1/10                                    t/06includepath.t ......... ok
t/07render.t .............. t/07render.t .............. 1/7                                  t/07render.t .............. ok
t/08cycle.t ............... t/08cycle.t ............... 1/3                                  t/08cycle.t ............... ok
t/09providers.t ........... t/09providers.t ........... 1/5                                  t/09providers.t ........... ok
t/10providers.encoding.t ..                                  t/10providers.encoding.t .. skipped: Template::Provider::Encoding
t/11norequest.t ........... t/11norequest.t ........... 1/3 [warn] Attempted to use view 'TestApp::View::Pkgconfig', but does not exist
[warn] Used regexp fallback for $c->view('Pkgconfig'), which found 'TestApp::View::TT::Pkgconfig'. Relying on regexp fallback behavior for component resolution is unreliable and unsafe. You probably meant $c->view('TT::Pkgconfig') instead of $c->view('Pkgconfig'), but if you really wanted to search, pass in a regexp as the argument like so: $c->view(qr/Pkgconfig/) at t/11norequest.t line 10.
                                 t/11norequest.t ........... ok
t/12expose_methods.t ...... t/12expose_methods.t ...... 1/?                                  t/12expose_methods.t ...... ok
t/13classconfig.t ......... t/13classconfig.t ......... 1/5                                  t/13classconfig.t ......... ok
t/14alt_content_type.t .... t/14alt_content_type.t .... 1/?                                  t/14alt_content_type.t .... ok
t/utf8.t .................. t/utf8.t .................. 1/?                                  t/utf8.t .................. ok
All tests successful.
Files=13, Tests=56, 12 wallclock secs ( 0.04 usr  0.02 sys +  8.50 cusr  0.49 csys =  9.05 CPU)
Result: PASS
  ETHER/Catalyst-View-TT-0.44.tar.gz
  /usr/bin/make test -- OK
Running make install
Manifying 3 pod documents
Installing /usr/local/share/perl/5.22.1/Catalyst/View/TT.pm
Installing /usr/local/share/perl/5.22.1/Catalyst/Helper/View/TTSite.pm
Installing /usr/local/share/perl/5.22.1/Catalyst/Helper/View/TT.pm
Installing /usr/local/man/man3/Catalyst::View::TT.3pm
Installing /usr/local/man/man3/Catalyst::Helper::View::TTSite.3pm
Installing /usr/local/man/man3/Catalyst::Helper::View::TT.3pm
Appending installation info to /usr/local/lib/x86_64-linux-gnu/perl/5.22.1/perllocal.pod
  ETHER/Catalyst-View-TT-0.44.tar.gz
  /usr/bin/make install  -- OK
]0;wendelhlc@wendelhlc-VirtualBox: ~/Documents/Site[01;32mwendelhlc@wendelhlc-VirtualBox[00m:[01;34m~/Documents/Site[00m$ c[Ksudo cpan Catalyst::Helper::Vieww::TT[A]0;wendelhlc@wendelhlc-VirtualBox: ~/Documents/Site[01;32mwendelhlc@wendelhlc-VirtualBox[00m:[01;34m~/Documents/Site[00m$ cpan Catalyst::Helper::View::TT [K[A[C[C[C[C[C[C[C[C[C[C[C[C[C[C[C[C[C[C[C[C[C[C[C[C[C[C[C[C[C[C[C[C[C[C[C[C[C[C[C[C[C[C[C[C[C[C[C[C[Cscript/site_create.pl view TT TTT
 exists "/home/wendelhlc/Documents/Site/script/../lib/Site/View"
 exists "/home/wendelhlc/Documents/Site/script/../t"
created "/home/wendelhlc/Documents/Site/script/../lib/Site/View/TT.pm"
created "/home/wendelhlc/Documents/Site/script/../t/view_TT.t"
]0;wendelhlc@wendelhlc-VirtualBox: ~/Documents/Site[01;32mwendelhlc@wendelhlc-VirtualBox[00m:[01;34m~/Documents/Site[00m$ clear
[3;J[H[2J]0;wendelhlc@wendelhlc-VirtualBox: ~/Documents/Site[01;32mwendelhlc@wendelhlc-VirtualBox[00m:[01;34m~/Documents/Site[00m$ ls
Changes     [0m[01;34mlib[0m          README  [01;34mscript[0m     site.psgi
controller  Makefile.PL  [01;34mroot[0m    site.conf  [01;34mt[0m
]0;wendelhlc@wendelhlc-VirtualBox: ~/Documents/Site[01;32mwendelhlc@wendelhlc-VirtualBox[00m:[01;34m~/Documents/Site[00m$ mkdir site/[K
]0;wendelhlc@wendelhlc-VirtualBox: ~/Documents/Site[01;32mwendelhlc@wendelhlc-VirtualBox[00m:[01;34m~/Documents/Site[00m$ vi site/la[K[K[K[K[K[K[K[K[K[Kgedit site/_layout.tt
]0;wendelhlc@wendelhlc-VirtualBox: ~/Documents/Site[01;32mwendelhlc@wendelhlc-VirtualBox[00m:[01;34m~/Documents/Site[00m$ mkdir sha[K[K[Ksite/sa[Khared
]0;wendelhlc@wendelhlc-VirtualBox: ~/Documents/Site[01;32mwendelhlc@wendelhlc-VirtualBox[00m:[01;34m~/Documents/Site[00m$ clear
[3;J[H[2J]0;wendelhlc@wendelhlc-VirtualBox: ~/Documents/Site[01;32mwendelhlc@wendelhlc-VirtualBox[00m:[01;34m~/Documents/Site[00m$ clear
[3;J[H[2J]0;wendelhlc@wendelhlc-VirtualBox: ~/Documents/Site[01;32mwendelhlc@wendelhlc-VirtualBox[00m:[01;34m~/Documents/Site[00m$ ls
Changes     [0m[01;34mlib[0m          README  [01;34mscript[0m  site.conf  [01;34mt[0m
controller  Makefile.PL  [01;34mroot[0m    [01;34msite[0m    site.psgi
]0;wendelhlc@wendelhlc-VirtualBox: ~/Documents/Site[01;32mwendelhlc@wendelhlc-VirtualBox[00m:[01;34m~/Documents/Site[00m$ ls
Changes     [0m[01;34mlib[0m          README  [01;34mscript[0m  site.conf  [01;34mt[0m
controller  Makefile.PL  [01;34mroot[0m    [01;34msite[0m    site.psgi
]0;wendelhlc@wendelhlc-VirtualBox: ~/Documents/Site[01;32mwendelhlc@wendelhlc-VirtualBox[00m:[01;34m~/Documents/Site[00m$ cd site/
]0;wendelhlc@wendelhlc-VirtualBox: ~/Documents/Site/site[01;32mwendelhlc@wendelhlc-VirtualBox[00m:[01;34m~/Documents/Site/site[00m$ ls
_layout.tt  [0m[01;34mshared[0m
]0;wendelhlc@wendelhlc-VirtualBox: ~/Documents/Site/site[01;32mwendelhlc@wendelhlc-VirtualBox[00m:[01;34m~/Documents/Site/site[00m$ cd ../
]0;wendelhlc@wendelhlc-VirtualBox: ~/Documents/Site[01;32mwendelhlc@wendelhlc-VirtualBox[00m:[01;34m~/Documents/Site[00m$ ls
Changes     [0m[01;34mlib[0m          README  [01;34mscript[0m  site.conf  [01;34mt[0m
controller  Makefile.PL  [01;34mroot[0m    [01;34msite[0m    site.psgi
]0;wendelhlc@wendelhlc-VirtualBox: ~/Documents/Site[01;32mwendelhlc@wendelhlc-VirtualBox[00m:[01;34m~/Documents/Site[00m$ cd root/
]0;wendelhlc@wendelhlc-VirtualBox: ~/Documents/Site/root[01;32mwendelhlc@wendelhlc-VirtualBox[00m:[01;34m~/Documents/Site/root[00m$ ls
favicon.ico  [0m[01;34mstatic[0m
]0;wendelhlc@wendelhlc-VirtualBox: ~/Documents/Site/root[01;32mwendelhlc@wendelhlc-VirtualBox[00m:[01;34m~/Documents/Site/root[00m$ cd[K[Kmkdir site[K[K[K[K[K[K[K[K[K[Kcd ../[K[K[K[K[Kp -r ../site .
]0;wendelhlc@wendelhlc-VirtualBox: ~/Documents/Site/root[01;32mwendelhlc@wendelhlc-VirtualBox[00m:[01;34m~/Documents/Site/root[00m$ ls
favicon.ico  [0m[01;34msite[0m  [01;34mstatic[0m
]0;wendelhlc@wendelhlc-VirtualBox: ~/Documents/Site/root[01;32mwendelhlc@wendelhlc-VirtualBox[00m:[01;34m~/Documents/Site/root[00m$ clear
[3;J[H[2J]0;wendelhlc@wendelhlc-VirtualBox: ~/Documents/Site/root[01;32mwendelhlc@wendelhlc-VirtualBox[00m:[01;34m~/Documents/Site/root[00m$ clear
[3;J[H[2J]0;wendelhlc@wendelhlc-VirtualBox: ~/Documents/Site/root[01;32mwendelhlc@wendelhlc-VirtualBox[00m:[01;34m~/Documents/Site/root[00m$ ls
favicon.ico  [0m[01;34msite[0m  [01;34mstatic[0m
]0;wendelhlc@wendelhlc-VirtualBox: ~/Documents/Site/root[01;32mwendelhlc@wendelhlc-VirtualBox[00m:[01;34m~/Documents/Site/root[00m$ cd site/
]0;wendelhlc@wendelhlc-VirtualBox: ~/Documents/Site/root/site[01;32mwendelhlc@wendelhlc-VirtualBox[00m:[01;34m~/Documents/Site/root/site[00m$ ls
_layout.tt  [0m[01;34mshared[0m
]0;wendelhlc@wendelhlc-VirtualBox: ~/Documents/Site/root/site[01;32mwendelhlc@wendelhlc-VirtualBox[00m:[01;34m~/Documents/Site/root/site[00m$ gedit lay[K[K[K[K[K[K[K[K[Kls
_layout.tt  [0m[01;34mshared[0m
]0;wendelhlc@wendelhlc-VirtualBox: ~/Documents/Site/root/site[01;32mwendelhlc@wendelhlc-VirtualBox[00m:[01;34m~/Documents/Site/root/site[00m$ clear
[3;J[H[2J]0;wendelhlc@wendelhlc-VirtualBox: ~/Documents/Site/root/site[01;32mwendelhlc@wendelhlc-VirtualBox[00m:[01;34m~/Documents/Site/root/site[00m$ gedit l[K_layout.tt & 
[1] 4104
]0;wendelhlc@wendelhlc-VirtualBox: ~/Documents/Site/root/site[01;32mwendelhlc@wendelhlc-VirtualBox[00m:[01;34m~/Documents/Site/root/site[00m$ clear
[3;J[H[2J]0;wendelhlc@wendelhlc-VirtualBox: ~/Documents/Site/root/site[01;32mwendelhlc@wendelhlc-VirtualBox[00m:[01;34m~/Documents/Site/root/site[00m$ ls
_layout.tt  [0m[01;34mshared[0m
]0;wendelhlc@wendelhlc-VirtualBox: ~/Documents/Site/root/site[01;32mwendelhlc@wendelhlc-VirtualBox[00m:[01;34m~/Documents/Site/root/site[00m$ clear
[3;J[H[2J]0;wendelhlc@wendelhlc-VirtualBox: ~/Documents/Site/root/site[01;32mwendelhlc@wendelhlc-VirtualBox[00m:[01;34m~/Documents/Site/root/site[00m$ cd ../
]0;wendelhlc@wendelhlc-VirtualBox: ~/Documents/Site/root[01;32mwendelhlc@wendelhlc-VirtualBox[00m:[01;34m~/Documents/Site/root[00m$ ls
favicon.ico  [0m[01;34msite[0m  [01;34mstatic[0m
]0;wendelhlc@wendelhlc-VirtualBox: ~/Documents/Site/root[01;32mwendelhlc@wendelhlc-VirtualBox[00m:[01;34m~/Documents/Site/root[00m$ cd ..
]0;wendelhlc@wendelhlc-VirtualBox: ~/Documents/Site[01;32mwendelhlc@wendelhlc-VirtualBox[00m:[01;34m~/Documents/Site[00m$ clear
[3;J[H[2J]0;wendelhlc@wendelhlc-VirtualBox: ~/Documents/Site[01;32mwendelhlc@wendelhlc-VirtualBox[00m:[01;34m~/Documents/Site[00m$ i[Kvi lib/Site
Site/    Site.pm  
]0;wendelhlc@wendelhlc-VirtualBox: ~/Documents/Site[01;32mwendelhlc@wendelhlc-VirtualBox[00m:[01;34m~/Documents/Site[00m$ vi lib/Site
Site/    Site.pm  
]0;wendelhlc@wendelhlc-VirtualBox: ~/Documents/Site[01;32mwendelhlc@wendelhlc-VirtualBox[00m:[01;34m~/Documents/Site[00m$ vi lib/SiteSi[K[K/
Controller/ Model/      View/       
]0;wendelhlc@wendelhlc-VirtualBox: ~/Documents/Site[01;32mwendelhlc@wendelhlc-VirtualBox[00m:[01;34m~/Documents/Site[00m$ vi lib/Site/M[KView/TT.pm 
[?1049h[?1h=[1;24r[?12;25h[?12l[?25h[27m[23m[m[H[2J[?25l[24;1H"lib/Site/View/TT.pm" 35 lines, 451 characters[1;1Hpackage Site::View::TT;
use Moose;
use namespace::autoclean;

extends 'Catalyst::View::TT';

__PACKAGE__->config(
    TEMPLATE_EXTENSION => '.tt',
    render_die => 1,
);

=head1 NAME

Site::View::TT - TT View for Site

=head1 DESCRIPTION

TT View for Site.

=head1 SEE ALSO

L<Site>[1;1H[?12l[?25h





















[?25l[1;23r[23;1H
[1;24r[23;1H=head1 AUTHOR[24;1H[K[23;1H[?12l[?25h[?25l[1;23r[23;1H
[1;24r[23;1H[?12l[?25h[?25l[1;23r[23;1H
[1;24r[23;1HWendel Hime,,,[?12l[?25h[?25l[1;23r[23;1H
[1;24r[23;1H[?12l[?25h[?25l[27m[23m[m[H[2J[1;1HWendel Hime,,,

=head1 LICENSE

This library is free software. You can redistribute it and/or modify
it under the same terms as Perl itself.

=cut

1;
[94m~                                                                               [12;1H~                                                                               [13;1H~                                                                               [14;1H~                                                                               [15;1H~                                                                               [16;1H~                                                                               [17;1H~                                                                               [18;1H~                                                                               [19;1H~                                                                               [20;1H~                                                                               [21;1H~                                                                               [22;1H~                                                                               [23;1H~                                                                               [1;1H[?12l[?25h[?25l[1;23r[m[1;1H[9M[1;24r[15;1H[94m~                                                                               [16;1H~                                                                               [17;1H~                                                                               [18;1H~                                                                               [19;1H~                                                                               [20;1H~                                                                               [21;1H~                                                                               [22;1H~                                                                               [23;1H~                                                                               [1;1H[?12l[?25h[?25l[27m[23m[m[H[2J[1;1H=head1 NAME

Site::View::TT - TT View for Site

=head1 DESCRIPTION

TT View for Site.

=head1 SEE ALSO

L<Site>

=head1 AUTHOR

Wendel Hime,,,

=head1 LICENSE

This library is free software. You can redistribute it and/or modify
it under the same terms as Perl itself.

=cut
[?12l[?25h[?25l[1;23r[1;1H[11L[1;24r[1;1Hpackage Site::View::TT;
use Moose;
use namespace::autoclean;

extends 'Catalyst::View::TT';

__PACKAGE__->config(
    TEMPLATE_EXTENSION => '.tt',
    render_die => 1,
);


[?12l[?25h[?25l[?12l[?25h[?25l[?12l[?25h[?25l[?12l[?25h[?25l[27m[23m[m[H[2J[1;1HL<Site>

=head1 AUTHOR

Wendel Hime,,,

=head1 LICENSE

This library is free software. You can redistribute it and/or modify
it under the same terms as Perl itself.

=cut

1;
[94m~                                                                               [16;1H~                                                                               [17;1H~                                                                               [18;1H~                                                                               [19;1H~                                                                               [20;1H~                                                                               [21;1H~                                                                               [22;1H~                                                                               [23;1H~                                                                               [1;1H[?12l[?25h[?25l[27m[23m[m[H[2J[1;1Hpackage Site::View::TT;
use Moose;
use namespace::autoclean;

extends 'Catalyst::View::TT';

__PACKAGE__->config(
    TEMPLATE_EXTENSION => '.tt',
    render_die => 1,
);

=head1 NAME

Site::View::TT - TT View for Site

=head1 DESCRIPTION

TT View for Site.

=head1 SEE ALSO

L<Site>
[?12l[?25h[?25l[?12l[?25h[?25l[?12l[?25h[?25l[?12l[?25h[?25l
:[?12l[?25hq[?25l[24;1H[K[24;1H[?1l>[?12l[?25h[?1049l]0;wendelhlc@wendelhlc-VirtualBox: ~/Documents/Site[01;32mwendelhlc@wendelhlc-VirtualBox[00m:[01;34m~/Documents/Site[00m$ clear
[3;J[H[2J]0;wendelhlc@wendelhlc-VirtualBox: ~/Documents/Site[01;32mwendelhlc@wendelhlc-VirtualBox[00m:[01;34m~/Documents/Site[00m$ clear
[3;J[H[2J]0;wendelhlc@wendelhlc-VirtualBox: ~/Documents/Site[01;32mwendelhlc@wendelhlc-VirtualBox[00m:[01;34m~/Documents/Site[00m$ clear
[3;J[H[2J]0;wendelhlc@wendelhlc-VirtualBox: ~/Documents/Site[01;32mwendelhlc@wendelhlc-VirtualBox[00m:[01;34m~/Documents/Site[00m$ v[Kclear
[3;J[H[2J]0;wendelhlc@wendelhlc-VirtualBox: ~/Documents/Site[01;32mwendelhlc@wendelhlc-VirtualBox[00m:[01;34m~/Documents/Site[00m$ l[Kclear
[3;J[H[2J]0;wendelhlc@wendelhlc-VirtualBox: ~/Documents/Site[01;32mwendelhlc@wendelhlc-VirtualBox[00m:[01;34m~/Documents/Site[00m$ ls
Changes     [0m[01;34mlib[0m          README  [01;34mscript[0m  site.conf  [01;34mt[0m
controller  Makefile.PL  [01;34mroot[0m    [01;34msite[0m    site.psgi
]0;wendelhlc@wendelhlc-VirtualBox: ~/Documents/Site[01;32mwendelhlc@wendelhlc-VirtualBox[00m:[01;34m~/Documents/Site[00m$ c[Kvi root/
favicon.ico  site/        static/      
]0;wendelhlc@wendelhlc-VirtualBox: ~/Documents/Site[01;32mwendelhlc@wendelhlc-VirtualBox[00m:[01;34m~/Documents/Site[00m$ vi root/site/
_layout.tt  shared/     
]0;wendelhlc@wendelhlc-VirtualBox: ~/Documents/Site[01;32mwendelhlc@wendelhlc-VirtualBox[00m:[01;34m~/Documents/Site[00m$ vi root/site/[K[K[K[K[K[K[K[K[K[K[K[K[Kclear
[3;J[H[2J]0;wendelhlc@wendelhlc-VirtualBox: ~/Documents/Site[01;32mwendelhlc@wendelhlc-VirtualBox[00m:[01;34m~/Documents/Site[00m$ clear[3Plsclearvi lib/Site/View/TT.pm clear[Kd ..[3Plscd ../[1Plear[3Plscleargedit _layout.tt & clear[K[3Plscd site/ls[Kclear[3Plscp -r ../site .ls[Kcp -r ../site .ls[Kclear[3Plscd site/ls[Kcleargedit _layout.tt & clear[K[3Plscleard ../[4Plscd ..learvi lib/Site/View/TT.pm clear[K[3Plsclear[Kcd root/
]0;wendelhlc@wendelhlc-VirtualBox: ~/Documents/Site/root[01;32mwendelhlc@wendelhlc-VirtualBox[00m:[01;34m~/Documents/Site/root[00m$ cp -r .
./  ../ 
]0;wendelhlc@wendelhlc-VirtualBox: ~/Documents/Site/root[01;32mwendelhlc@wendelhlc-VirtualBox[00m:[01;34m~/Documents/Site/root[00m$ cp -r .
./  ../ 
]0;wendelhlc@wendelhlc-VirtualBox: ~/Documents/Site/root[01;32mwendelhlc@wendelhlc-VirtualBox[00m:[01;34m~/Documents/Site/root[00m$ cp -r .d root/[3Pleard root/[1Pp -r ../site .
]0;wendelhlc@wendelhlc-VirtualBox: ~/Documents/Site/root[01;32mwendelhlc@wendelhlc-VirtualBox[00m:[01;34m~/Documents/Site/root[00m$ clear
[3;J[H[2J]0;wendelhlc@wendelhlc-VirtualBox: ~/Documents/Site/root[01;32mwendelhlc@wendelhlc-VirtualBox[00m:[01;34m~/Documents/Site/root[00m$ clear
[3;J[H[2J]0;wendelhlc@wendelhlc-VirtualBox: ~/Documents/Site/root[01;32mwendelhlc@wendelhlc-VirtualBox[00m:[01;34m~/Documents/Site/root[00m$ ^C
]0;wendelhlc@wendelhlc-VirtualBox: ~/Documents/Site/root[01;32mwendelhlc@wendelhlc-VirtualBox[00m:[01;34m~/Documents/Site/root[00m$ clearp -r ../site .[7Pd root/p -r ../site .lear[K[Kcd ....[K[K/../
]0;wendelhlc@wendelhlc-VirtualBox: ~/Documents[01;32mwendelhlc@wendelhlc-VirtualBox[00m:[01;34m~/Documents[00m$ clear
[3;J[H[2J]0;wendelhlc@wendelhlc-VirtualBox: ~/Documents[01;32mwendelhlc@wendelhlc-VirtualBox[00m:[01;34m~/Documents[00m$ script/sc[K[K[K[K[K[K[K[K[Kcd 
Site/     template/ 
]0;wendelhlc@wendelhlc-VirtualBox: ~/Documents[01;32mwendelhlc@wendelhlc-VirtualBox[00m:[01;34m~/Documents[00m$ cd Site/
]0;wendelhlc@wendelhlc-VirtualBox: ~/Documents/Site[01;32mwendelhlc@wendelhlc-VirtualBox[00m:[01;34m~/Documents/Site[00m$ clear
[3;J[H[2J]0;wendelhlc@wendelhlc-VirtualBox: ~/Documents/Site[01;32mwendelhlc@wendelhlc-VirtualBox[00m:[01;34m~/Documents/Site[00m$ ls
Changes     [0m[01;34mlib[0m          README  [01;34mscript[0m  site.conf  [01;34mt[0m
controller  Makefile.PL  [01;34mroot[0m    [01;34msite[0m    site.psgi
]0;wendelhlc@wendelhlc-VirtualBox: ~/Documents/Site[01;32mwendelhlc@wendelhlc-VirtualBox[00m:[01;34m~/Documents/Site[00m$ clear
[3;J[H[2J]0;wendelhlc@wendelhlc-VirtualBox: ~/Documents/Site[01;32mwendelhlc@wendelhlc-VirtualBox[00m:[01;34m~/Documents/Site[00m$ scr
screendump    script/       scriptreplay  
]0;wendelhlc@wendelhlc-VirtualBox: ~/Documents/Site[01;32mwendelhlc@wendelhlc-VirtualBox[00m:[01;34m~/Documents/Site[00m$ scr
screendump    script/       scriptreplay  
]0;wendelhlc@wendelhlc-VirtualBox: ~/Documents/Site[01;32mwendelhlc@wendelhlc-VirtualBox[00m:[01;34m~/Documents/Site[00m$ script/site_
site_cgi.pl      site_fastcgi.pl  site_test.pl     
site_create.pl   site_server.pl   
]0;wendelhlc@wendelhlc-VirtualBox: ~/Documents/Site[01;32mwendelhlc@wendelhlc-VirtualBox[00m:[01;34m~/Documents/Site[00m$ script/site_server.pl -r & 
[2] 4639
]0;wendelhlc@wendelhlc-VirtualBox: ~/Documents/Site[01;32mwendelhlc@wendelhlc-VirtualBox[00m:[01;34m~/Documents/Site[00m$ [debug] Debug messages enabled
[debug] Statistics enabled
Term::Size::Any is not installed, can't autodetect terminal column width
Trouble trying to detect your terminal size, looking at $ENV{COLUMNS}
Cannot determine desired terminal width, using default of 80 columns
[debug] Loaded plugins:
.----------------------------------------------------------------------------.
| Catalyst::Plugin::ConfigLoader  0.34                                       |
'----------------------------------------------------------------------------'

[debug] Loaded PSGI Middleware:
.----------------------------------------------------------------------------.
| Catalyst::Middleware::Stash                                                |
| Plack::Middleware::HTTPExceptions                                          |
| Plack::Middleware::RemoveRedundantBody  0.04                               |
| Plack::Middleware::FixMissingBodyInRedirect  0.12                          |
| Plack::Middleware::ContentLength                                           |
| Plack::Middleware::MethodOverride  0.15                                    |
| Plack::Middleware::Head                                                    |
'----------------------------------------------------------------------------'

[debug] Loaded Request Data Handlers:
.----------------------------------------------------------------------------.
| application/json                                                           |
| application/x-www-form-urlencoded                                          |
'----------------------------------------------------------------------------'

[debug] Loaded dispatcher "Catalyst::Dispatcher"
[debug] Loaded engine "Catalyst::Engine"
[debug] Found home "/home/wendelhlc/Documents/Site"
[debug] Loaded components:
.-----------------------------------------------------------------+----------.
| Class                                                           | Type     |
+-----------------------------------------------------------------+----------+
| Site::Controller::Home                                          | instance |
| Site::Controller::Root                                          | instance |
| Site::View::TT                                                  | instance |
'-----------------------------------------------------------------+----------'

[debug] Loaded Private actions:
.----------------------+--------------------------------------+--------------.
| Private              | Class                                | Method       |
+----------------------+--------------------------------------+--------------+
| /end                 | Site::Controller::Root               | end          |
| /index               | Site::Controller::Root               | index        |
| /default             | Site::Controller::Root               | default      |
| /home/index          | Site::Controller::Home               | index        |
'----------------------+--------------------------------------+--------------'

[debug] Loaded Path actions:
.-------------------------------------+--------------------------------------.
| Path                                | Private                              |
+-------------------------------------+--------------------------------------+
| /                                   | /index                               |
| /...                                | /default                             |
| /home/                              | /home/index                          |
'-------------------------------------+--------------------------------------'

[info] Site powered by Catalyst 5.90106
failed to listen to port 3000: Address already in use at /usr/local/share/perl/5.22.1/HTTP/Server/PSGI.pm line 94.
^C
]0;wendelhlc@wendelhlc-VirtualBox: ~/Documents/Site[01;32mwendelhlc@wendelhlc-VirtualBox[00m:[01;34m~/Documents/Site[00m$ ce[Klear
[3;J[H[2J]0;wendelhlc@wendelhlc-VirtualBox: ~/Documents/Site[01;32mwendelhlc@wendelhlc-VirtualBox[00m:[01;34m~/Documents/Site[00m$ cd root/
]0;wendelhlc@wendelhlc-VirtualBox: ~/Documents/Site/root[01;32mwendelhlc@wendelhlc-VirtualBox[00m:[01;34m~/Documents/Site/root[00m$ ls
favicon.ico  [0m[01;34msite[0m  [01;34mstatic[0m
]0;wendelhlc@wendelhlc-VirtualBox: ~/Documents/Site/root[01;32mwendelhlc@wendelhlc-VirtualBox[00m:[01;34m~/Documents/Site/root[00m$ cd site/
]0;wendelhlc@wendelhlc-VirtualBox: ~/Documents/Site/root/site[01;32mwendelhlc@wendelhlc-VirtualBox[00m:[01;34m~/Documents/Site/root/site[00m$ ls
[0m[01;34massets[0m  [01;34mhome[0m  _layout.tt  [01;34mshared[0m
]0;wendelhlc@wendelhlc-VirtualBox: ~/Documents/Site/root/site[01;32mwendelhlc@wendelhlc-VirtualBox[00m:[01;34m~/Documents/Site/root/site[00m$ clear
[3;J[H[2J]0;wendelhlc@wendelhlc-VirtualBox: ~/Documents/Site/root/site[01;32mwendelhlc@wendelhlc-VirtualBox[00m:[01;34m~/Documents/Site/root/site[00m$ clear
[3;J[H[2J]0;wendelhlc@wendelhlc-VirtualBox: ~/Documents/Site/root/site[01;32mwendelhlc@wendelhlc-VirtualBox[00m:[01;34m~/Documents/Site/root/site[00m$ cd .././
]0;wendelhlc@wendelhlc-VirtualBox: ~/Documents/Site/root[01;32mwendelhlc@wendelhlc-VirtualBox[00m:[01;34m~/Documents/Site/root[00m$ cd ..
]0;wendelhlc@wendelhlc-VirtualBox: ~/Documents/Site[01;32mwendelhlc@wendelhlc-VirtualBox[00m:[01;34m~/Documents/Site[00m$ clear
[3;J[H[2J]0;wendelhlc@wendelhlc-VirtualBox: ~/Documents/Site[01;32mwendelhlc@wendelhlc-VirtualBox[00m:[01;34m~/Documents/Site[00m$ vi lib/Site/
Controller/ Model/      View/       
]0;wendelhlc@wendelhlc-VirtualBox: ~/Documents/Site[01;32mwendelhlc@wendelhlc-VirtualBox[00m:[01;34m~/Documents/Site[00m$ vi lib/Site/View/TT.pm 
[?1049h[?1h=[1;24r[?12;25h[?12l[?25h[27m[23m[m[H[2J[?25l[24;1H"lib/Site/View/TT.pm" 35 lines, 451 characters[1;1Hpackage Site::View::TT;
use Moose;
use namespace::autoclean;

extends 'Catalyst::View::TT';

__PACKAGE__->config(
    TEMPLATE_EXTENSION => '.tt',
    render_die => 1,
);

=head1 NAME

Site::View::TT - TT View for Site

=head1 DESCRIPTION

TT View for Site.

=head1 SEE ALSO

L<Site>[1;1H[?12l[?25h





















[?25l[1;23r[23;1H
[1;24r[23;1H=head1 AUTHOR[24;1H[K[23;1H[?12l[?25h[?25l[1;23r[23;1H
[1;24r[23;1H[?12l[?25h[?25l[1;23r[23;1H
[1;24r[23;1HWendel Hime,,,[?12l[?25h[?25l[1;23r[23;1H
[1;24r[23;1H[?12l[?25h[?25l[1;23r[23;1H
[1;24r[23;1H=head1 LICENSE[?12l[?25h[?25l[1;23r[23;1H
[1;24r[23;1H[?12l[?25h[?25l[1;23r[23;1H
[1;24r[23;1HThis library is free software. You can redistribute it and/or modify[?12l[?25h[?25l[1;23r[23;1H
[1;24r[23;1Hit under the same terms as Perl itself.[?12l[?25h[?25l[1;23r[23;1H
[1;24r[23;1H[?12l[?25h[?25l[1;23r[23;1H
[1;24r[23;1H=cut[?12l[?25h[?25l[1;23r[23;1H
[1;24r[23;1H[?12l[?25h[?25l[1;23r[23;1H
[1;24r[23;1H1;[?12l[?25h[22;1H[21;1H[20;1H[19;1H[18;1H[17;1H[16;1H[15;1H[14;1H[13;1H[12;1H[11;1H[10;1H[9;1H[8;1H[7;1H[6;1H[5;1H[4;1H[3;1H[2;1H[1;1H[?25l[1;23r[1;1H[L[1;24r[1;1H=head1 NAME[?12l[?25h[?25l[1;23r[1;1H[L[1;24r[1;1H[?12l[?25h[?25l[1;23r[1;1H[L[1;24r[1;1H);[?12l[?25h[?25l[1;23r[1;1H[L[1;24r[1;5Hrender_die => 1,[?12l[?25h[?25l[1;23r[1;1H[L[1;24r[1;5HTEMPLATE_EXTENSION => '.tt',[?12l[?25h[?25l[1;23r[1;1H[L[1;24r[1;1H__PACKAGE__->config([?12l[?25h[?25l[1;23r[1;1H[L[1;24r[1;1H[?12l[?25h[?25l[1;23r[1;1H[L[1;24r[1;1Hextends 'Catalyst::View::TT';[?12l[?25h[?25l[1;23r[1;1H[L[1;24r[1;1H[?12l[?25h[?25l[1;23r[1;1H[L[1;24r[1;1Huse namespace::autoclean;[?12l[?25h[?25l[1;23r[1;1H[L[1;24r[1;1Huse Moose;[?12l[?25h[?25l[1;23r[1;1H[L[1;24r[1;1Hpackage Site::View::TT;[?12l[?25h







[19C[?25l[9;23r[9;1H[L[1;24r[9;1HH[?12l[?25h[?25l[?12l[?25h[?25l[9;1H[K[9;1H[?12l[?25h[?25l[24;1HType  :quit<Enter>  to exit Vim[9;1H[?12l[?25h[?25l[24;1H[K[24;1H:[?12l[?25hq[?25l[97m[41mE37: No write since last change (add ! to override)[9;1H[?12l[?25h[?25l[m[24;1H[K[24;1H:[?12l[?25hq![?25l[24;1H[K[24;1H[?1l>[?12l[?25h[?1049l]0;wendelhlc@wendelhlc-VirtualBox: ~/Documents/Site[01;32mwendelhlc@wendelhlc-VirtualBox[00m:[01;34m~/Documents/Site[00m$ vi lib/Site/View/TT.pm [1P[1P[1@g[1@e[1@d[1@i[1@t
]0;wendelhlc@wendelhlc-VirtualBox: ~/Documents/Site[01;32mwendelhlc@wendelhlc-VirtualBox[00m:[01;34m~/Documents/Site[00m$ 
Saw changes to the following files:
 - /home/wendelhlc/Documents/Site/lib/Site/View/TT.pm (modify)

Attempting to restart the server

[debug] Debug messages enabled
[debug] Statistics enabled
Term::Size::Any is not installed, can't autodetect terminal column width
Trouble trying to detect your terminal size, looking at $ENV{COLUMNS}
Cannot determine desired terminal width, using default of 80 columns
[debug] Loaded plugins:
.----------------------------------------------------------------------------.
| Catalyst::Plugin::ConfigLoader  0.34                                       |
'----------------------------------------------------------------------------'

[debug] Loaded PSGI Middleware:
.----------------------------------------------------------------------------.
| Catalyst::Middleware::Stash                                                |
| Plack::Middleware::HTTPExceptions                                          |
| Plack::Middleware::RemoveRedundantBody  0.04                               |
| Plack::Middleware::FixMissingBodyInRedirect  0.12                          |
| Plack::Middleware::ContentLength                                           |
| Plack::Middleware::MethodOverride  0.15                                    |
| Plack::Middleware::Head                                                    |
'----------------------------------------------------------------------------'

[debug] Loaded Request Data Handlers:
.----------------------------------------------------------------------------.
| application/json                                                           |
| application/x-www-form-urlencoded                                          |
'----------------------------------------------------------------------------'

[debug] Loaded dispatcher "Catalyst::Dispatcher"
[debug] Loaded engine "Catalyst::Engine"
[debug] Found home "/home/wendelhlc/Documents/Site"
[debug] Loaded components:
.-----------------------------------------------------------------+----------.
| Class                                                           | Type     |
+-----------------------------------------------------------------+----------+
| Site::Controller::Home                                          | instance |
| Site::Controller::Root                                          | instance |
| Site::View::TT                                                  | instance |
'-----------------------------------------------------------------+----------'

[debug] Loaded Private actions:
.----------------------+--------------------------------------+--------------.
| Private              | Class                                | Method       |
+----------------------+--------------------------------------+--------------+
| /default             | Site::Controller::Root               | default      |
| /end                 | Site::Controller::Root               | end          |
| /index               | Site::Controller::Root               | index        |
| /home/index          | Site::Controller::Home               | index        |
'----------------------+--------------------------------------+--------------'

[debug] Loaded Path actions:
.-------------------------------------+--------------------------------------.
| Path                                | Private                              |
+-------------------------------------+--------------------------------------+
| /                                   | /index                               |
| /...                                | /default                             |
| /home/                              | /home/index                          |
'-------------------------------------+--------------------------------------'

[info] Site powered by Catalyst 5.90106
failed to listen to port 3000: Address already in use at /usr/local/share/perl/5.22.1/HTTP/Server/PSGI.pm line 94.
gedit lib/Site/View/TT.pm 
]0;wendelhlc@wendelhlc-VirtualBox: ~/Documents/Site[01;32mwendelhlc@wendelhlc-VirtualBox[00m:[01;34m~/Documents/Site[00m$ 
Saw changes to the following files:
 - /home/wendelhlc/Documents/Site/lib/Site/View/TT.pm (modify)

Attempting to restart the server

[debug] Debug messages enabled
[debug] Statistics enabled
Term::Size::Any is not installed, can't autodetect terminal column width
Trouble trying to detect your terminal size, looking at $ENV{COLUMNS}
Cannot determine desired terminal width, using default of 80 columns
[debug] Loaded plugins:
.----------------------------------------------------------------------------.
| Catalyst::Plugin::ConfigLoader  0.34                                       |
'----------------------------------------------------------------------------'

[debug] Loaded PSGI Middleware:
.----------------------------------------------------------------------------.
| Catalyst::Middleware::Stash                                                |
| Plack::Middleware::HTTPExceptions                                          |
| Plack::Middleware::RemoveRedundantBody  0.04                               |
| Plack::Middleware::FixMissingBodyInRedirect  0.12                          |
| Plack::Middleware::ContentLength                                           |
| Plack::Middleware::MethodOverride  0.15                                    |
| Plack::Middleware::Head                                                    |
'----------------------------------------------------------------------------'

[debug] Loaded Request Data Handlers:
.----------------------------------------------------------------------------.
| application/x-www-form-urlencoded                                          |
| application/json                                                           |
'----------------------------------------------------------------------------'

[debug] Loaded dispatcher "Catalyst::Dispatcher"
[debug] Loaded engine "Catalyst::Engine"
[debug] Found home "/home/wendelhlc/Documents/Site"
[debug] Loaded components:
.-----------------------------------------------------------------+----------.
| Class                                                           | Type     |
+-----------------------------------------------------------------+----------+
| Site::Controller::Home                                          | instance |
| Site::Controller::Root                                          | instance |
| Site::View::TT                                                  | instance |
'-----------------------------------------------------------------+----------'

[debug] Loaded Private actions:
.----------------------+--------------------------------------+--------------.
| Private              | Class                                | Method       |
+----------------------+--------------------------------------+--------------+
| /end                 | Site::Controller::Root               | end          |
| /index               | Site::Controller::Root               | index        |
| /default             | Site::Controller::Root               | default      |
| /home/index          | Site::Controller::Home               | index        |
'----------------------+--------------------------------------+--------------'

[debug] Loaded Path actions:
.-------------------------------------+--------------------------------------.
| Path                                | Private                              |
+-------------------------------------+--------------------------------------+
| /                                   | /index                               |
| /...                                | /default                             |
| /home/                              | /home/index                          |
'-------------------------------------+--------------------------------------'

[info] Site powered by Catalyst 5.90106
failed to listen to port 3000: Address already in use at /usr/local/share/perl/5.22.1/HTTP/Server/PSGI.pm line 94.

Saw changes to the following files:
 - /home/wendelhlc/Documents/Site/lib/Site/View/TT.pm (modify)

Attempting to restart the server

[debug] Debug messages enabled
[debug] Statistics enabled
Term::Size::Any is not installed, can't autodetect terminal column width
Trouble trying to detect your terminal size, looking at $ENV{COLUMNS}
Cannot determine desired terminal width, using default of 80 columns
[debug] Loaded plugins:
.----------------------------------------------------------------------------.
| Catalyst::Plugin::ConfigLoader  0.34                                       |
'----------------------------------------------------------------------------'

[debug] Loaded PSGI Middleware:
.----------------------------------------------------------------------------.
| Catalyst::Middleware::Stash                                                |
| Plack::Middleware::HTTPExceptions                                          |
| Plack::Middleware::RemoveRedundantBody  0.04                               |
| Plack::Middleware::FixMissingBodyInRedirect  0.12                          |
| Plack::Middleware::ContentLength                                           |
| Plack::Middleware::MethodOverride  0.15                                    |
| Plack::Middleware::Head                                                    |
'----------------------------------------------------------------------------'

[debug] Loaded Request Data Handlers:
.----------------------------------------------------------------------------.
| application/json                                                           |
| application/x-www-form-urlencoded                                          |
'----------------------------------------------------------------------------'

[debug] Loaded dispatcher "Catalyst::Dispatcher"
[debug] Loaded engine "Catalyst::Engine"
[debug] Found home "/home/wendelhlc/Documents/Site"
[debug] Loaded components:
.-----------------------------------------------------------------+----------.
| Class                                                           | Type     |
+-----------------------------------------------------------------+----------+
| Site::Controller::Home                                          | instance |
| Site::Controller::Root                                          | instance |
| Site::View::TT                                                  | instance |
'-----------------------------------------------------------------+----------'

[debug] Loaded Private actions:
.----------------------+--------------------------------------+--------------.
| Private              | Class                                | Method       |
+----------------------+--------------------------------------+--------------+
| /default             | Site::Controller::Root               | default      |
| /end                 | Site::Controller::Root               | end          |
| /index               | Site::Controller::Root               | index        |
| /home/index          | Site::Controller::Home               | index        |
'----------------------+--------------------------------------+--------------'

[debug] Loaded Path actions:
.-------------------------------------+--------------------------------------.
| Path                                | Private                              |
+-------------------------------------+--------------------------------------+
| /                                   | /index                               |
| /...                                | /default                             |
| /home/                              | /home/index                          |
'-------------------------------------+--------------------------------------'

[info] Site powered by Catalyst 5.90106
failed to listen to port 3000: Address already in use at /usr/local/share/perl/5.22.1/HTTP/Server/PSGI.pm line 94.
clear
[3;J[H[2J]0;wendelhlc@wendelhlc-VirtualBox: ~/Documents/Site[01;32mwendelhlc@wendelhlc-VirtualBox[00m:[01;34m~/Documents/Site[00m$ ls
Changes     [0m[01;34mlib[0m          README  [01;34mscript[0m  site.conf  [01;34mt[0m
controller  Makefile.PL  [01;34mroot[0m    [01;34msite[0m    site.psgi
]0;wendelhlc@wendelhlc-VirtualBox: ~/Documents/Site[01;32mwendelhlc@wendelhlc-VirtualBox[00m:[01;34m~/Documents/Site[00m$ gedit lib/Site
Site/    Site.pm  
]0;wendelhlc@wendelhlc-VirtualBox: ~/Documents/Site[01;32mwendelhlc@wendelhlc-VirtualBox[00m:[01;34m~/Documents/Site[00m$ gedit lib/Site.pm 
]0;wendelhlc@wendelhlc-VirtualBox: ~/Documents/Site[01;32mwendelhlc@wendelhlc-VirtualBox[00m:[01;34m~/Documents/Site[00m$ 
Saw changes to the following files:
 - /home/wendelhlc/Documents/Site/lib/Site/View/TT.pm (modify)

Attempting to restart the server

[debug] Debug messages enabled
[debug] Statistics enabled
Term::Size::Any is not installed, can't autodetect terminal column width
Trouble trying to detect your terminal size, looking at $ENV{COLUMNS}
Cannot determine desired terminal width, using default of 80 columns
[debug] Loaded plugins:
.----------------------------------------------------------------------------.
| Catalyst::Plugin::ConfigLoader  0.34                                       |
'----------------------------------------------------------------------------'

[debug] Loaded PSGI Middleware:
.----------------------------------------------------------------------------.
| Catalyst::Middleware::Stash                                                |
| Plack::Middleware::HTTPExceptions                                          |
| Plack::Middleware::RemoveRedundantBody  0.04                               |
| Plack::Middleware::FixMissingBodyInRedirect  0.12                          |
| Plack::Middleware::ContentLength                                           |
| Plack::Middleware::MethodOverride  0.15                                    |
| Plack::Middleware::Head                                                    |
'----------------------------------------------------------------------------'

[debug] Loaded Request Data Handlers:
.----------------------------------------------------------------------------.
| application/json                                                           |
| application/x-www-form-urlencoded                                          |
'----------------------------------------------------------------------------'

[debug] Loaded dispatcher "Catalyst::Dispatcher"
[debug] Loaded engine "Catalyst::Engine"
[debug] Found home "/home/wendelhlc/Documents/Site"
[debug] Loaded components:
.-----------------------------------------------------------------+----------.
| Class                                                           | Type     |
+-----------------------------------------------------------------+----------+
| Site::Controller::Home                                          | instance |
| Site::Controller::Root                                          | instance |
| Site::View::TT                                                  | instance |
'-----------------------------------------------------------------+----------'

[debug] Loaded Private actions:
.----------------------+--------------------------------------+--------------.
| Private              | Class                                | Method       |
+----------------------+--------------------------------------+--------------+
| /default             | Site::Controller::Root               | default      |
| /end                 | Site::Controller::Root               | end          |
| /index               | Site::Controller::Root               | index        |
| /home/index          | Site::Controller::Home               | index        |
'----------------------+--------------------------------------+--------------'

[debug] Loaded Path actions:
.-------------------------------------+--------------------------------------.
| Path                                | Private                              |
+-------------------------------------+--------------------------------------+
| /                                   | /index                               |
| /...                                | /default                             |
| /home/                              | /home/index                          |
'-------------------------------------+--------------------------------------'

[info] Site powered by Catalyst 5.90106
failed to listen to port 3000: Address already in use at /usr/local/share/perl/5.22.1/HTTP/Server/PSGI.pm line 94.
clear
[3;J[H[2J]0;wendelhlc@wendelhlc-VirtualBox: ~/Documents/Site[01;32mwendelhlc@wendelhlc-VirtualBox[00m:[01;34m~/Documents/Site[00m$ ls
Changes     [0m[01;34mlib[0m          README  [01;34mscript[0m  site.conf  [01;34mt[0m
controller  Makefile.PL  [01;34mroot[0m    [01;34msite[0m    site.psgi
]0;wendelhlc@wendelhlc-VirtualBox: ~/Documents/Site[01;32mwendelhlc@wendelhlc-VirtualBox[00m:[01;34m~/Documents/Site[00m$ vi root/ls[K[K
assets/      favicon.ico  site/        static/      
]0;wendelhlc@wendelhlc-VirtualBox: ~/Documents/Site[01;32mwendelhlc@wendelhlc-VirtualBox[00m:[01;34m~/Documents/Site[00m$ vi root/site/
home/       _layout.tt  shared/     
]0;wendelhlc@wendelhlc-VirtualBox: ~/Documents/Site[01;32mwendelhlc@wendelhlc-VirtualBox[00m:[01;34m~/Documents/Site[00m$ vi root/site/[K[K[K[K[K[K[K[K[K[K[K[K[Kcd[K[K
Saw changes to the following files:
 - /home/wendelhlc/Documents/Site/lib/Site/View/TT.pm (modify)

Attempting to restart the server

[debug] Debug messages enabled
[debug] Statistics enabled
Term::Size::Any is not installed, can't autodetect terminal column width
Trouble trying to detect your terminal size, looking at $ENV{COLUMNS}
Cannot determine desired terminal width, using default of 80 columns
[debug] Loaded plugins:
.----------------------------------------------------------------------------.
| Catalyst::Plugin::ConfigLoader  0.34                                       |
'----------------------------------------------------------------------------'

[debug] Loaded PSGI Middleware:
.----------------------------------------------------------------------------.
| Catalyst::Middleware::Stash                                                |
| Plack::Middleware::HTTPExceptions                                          |
| Plack::Middleware::RemoveRedundantBody  0.04                               |
| Plack::Middleware::FixMissingBodyInRedirect  0.12                          |
| Plack::Middleware::ContentLength                                           |
| Plack::Middleware::MethodOverride  0.15                                    |
| Plack::Middleware::Head                                                    |
'----------------------------------------------------------------------------'

[debug] Loaded Request Data Handlers:
.----------------------------------------------------------------------------.
| application/json                                                           |
| application/x-www-form-urlencoded                                          |
'----------------------------------------------------------------------------'

[debug] Loaded dispatcher "Catalyst::Dispatcher"
[debug] Loaded engine "Catalyst::Engine"
[debug] Found home "/home/wendelhlc/Documents/Site"
[debug] Loaded components:
.-----------------------------------------------------------------+----------.
| Class                                                           | Type     |
+-----------------------------------------------------------------+----------+
| Site::Controller::Home                                          | instance |
| Site::Controller::Root                                          | instance |
| Site::View::TT                                                  | instance |
'-----------------------------------------------------------------+----------'

[debug] Loaded Private actions:
.----------------------+--------------------------------------+--------------.
| Private              | Class                                | Method       |
+----------------------+--------------------------------------+--------------+
| /default             | Site::Controller::Root               | default      |
| /end                 | Site::Controller::Root               | end          |
| /index               | Site::Controller::Root               | index        |
| /home/index          | Site::Controller::Home               | index        |
'----------------------+--------------------------------------+--------------'

[debug] Loaded Path actions:
.-------------------------------------+--------------------------------------.
| Path                                | Private                              |
+-------------------------------------+--------------------------------------+
| /                                   | /index                               |
| /...                                | /default                             |
| /home/                              | /home/index                          |
'-------------------------------------+--------------------------------------'

[info] Site powered by Catalyst 5.90106
failed to listen to port 3000: Address already in use at /usr/local/share/perl/5.22.1/HTTP/Server/PSGI.pm line 94.
clear
[3;J[H[2J]0;wendelhlc@wendelhlc-VirtualBox: ~/Documents/Site[01;32mwendelhlc@wendelhlc-VirtualBox[00m:[01;34m~/Documents/Site[00m$ ls
Changes     [0m[01;34mlib[0m          README  [01;34mscript[0m  site.conf  [01;34mt[0m
controller  Makefile.PL  [01;34mroot[0m    [01;34msite[0m    site.psgi
]0;wendelhlc@wendelhlc-VirtualBox: ~/Documents/Site[01;32mwendelhlc@wendelhlc-VirtualBox[00m:[01;34m~/Documents/Site[00m$ script [K[K[K[K[K[K[Kscript/site_c
site_cgi.pl     site_create.pl  
]0;wendelhlc@wendelhlc-VirtualBox: ~/Documents/Site[01;32mwendelhlc@wendelhlc-VirtualBox[00m:[01;34m~/Documents/Site[00m$ script/site_create.pl a[Kcontrolle r Blast
 exists "/home/wendelhlc/Documents/Site/script/../lib/Site/Controller"
 exists "/home/wendelhlc/Documents/Site/script/../t"
created "/home/wendelhlc/Documents/Site/script/../lib/Site/Controller/Blast.pm"
created "/home/wendelhlc/Documents/Site/script/../t/controller_Blast.t"
]0;wendelhlc@wendelhlc-VirtualBox: ~/Documents/Site[01;32mwendelhlc@wendelhlc-VirtualBox[00m:[01;34m~/Documents/Site[00m$ 
Saw changes to the following files:
 - /home/wendelhlc/Documents/Site/lib/Site/Controller/Blast.pm (create)

Attempting to restart the server

[debug] Debug messages enabled
[debug] Statistics enabled
Term::Size::Any is not installed, can't autodetect terminal column width
Trouble trying to detect your terminal size, looking at $ENV{COLUMNS}
Cannot determine desired terminal width, using default of 80 columns
[debug] Loaded plugins:
.----------------------------------------------------------------------------.
| Catalyst::Plugin::ConfigLoader  0.34                                       |
'----------------------------------------------------------------------------'

[debug] Loaded PSGI Middleware:
.----------------------------------------------------------------------------.
| Catalyst::Middleware::Stash                                                |
| Plack::Middleware::HTTPExceptions                                          |
| Plack::Middleware::RemoveRedundantBody  0.04                               |
| Plack::Middleware::FixMissingBodyInRedirect  0.12                          |
| Plack::Middleware::ContentLength                                           |
| Plack::Middleware::MethodOverride  0.15                                    |
| Plack::Middleware::Head                                                    |
'----------------------------------------------------------------------------'

[debug] Loaded Request Data Handlers:
.----------------------------------------------------------------------------.
| application/json                                                           |
| application/x-www-form-urlencoded                                          |
'----------------------------------------------------------------------------'

[debug] Loaded dispatcher "Catalyst::Dispatcher"
[debug] Loaded engine "Catalyst::Engine"
[debug] Found home "/home/wendelhlc/Documents/Site"
[debug] Loaded components:
.-----------------------------------------------------------------+----------.
| Class                                                           | Type     |
+-----------------------------------------------------------------+----------+
| Site::Controller::Blast                                         | instance |
| Site::Controller::Home                                          | instance |
| Site::Controller::Root                                          | instance |
| Site::View::TT                                                  | instance |
'-----------------------------------------------------------------+----------'

[debug] Loaded Private actions:
.----------------------+--------------------------------------+--------------.
| Private              | Class                                | Method       |
+----------------------+--------------------------------------+--------------+
| /index               | Site::Controller::Root               | index        |
| /end                 | Site::Controller::Root               | end          |
| /default             | Site::Controller::Root               | default      |
| /blast/index         | Site::Controller::Blast              | index        |
| /home/index          | Site::Controller::Home               | index        |
'----------------------+--------------------------------------+--------------'

[debug] Loaded Path actions:
.-------------------------------------+--------------------------------------.
| Path                                | Private                              |
+-------------------------------------+--------------------------------------+
| /                                   | /index                               |
| /...                                | /default                             |
| /blast/                             | /blast/index                         |
| /home/                              | /home/index                          |
'-------------------------------------+--------------------------------------'

[info] Site powered by Catalyst 5.90106
failed to listen to port 3000: Address already in use at /usr/local/share/perl/5.22.1/HTTP/Server/PSGI.pm line 94.
clear
[3;J[H[2J]0;wendelhlc@wendelhlc-VirtualBox: ~/Documents/Site[01;32mwendelhlc@wendelhlc-VirtualBox[00m:[01;34m~/Documents/Site[00m$ cd[K[Kls
Changes     [0m[01;34mlib[0m          README  [01;34mscript[0m  site.conf  [01;34mt[0m
controller  Makefile.PL  [01;34mroot[0m    [01;34msite[0m    site.psgi
]0;wendelhlc@wendelhlc-VirtualBox: ~/Documents/Site[01;32mwendelhlc@wendelhlc-VirtualBox[00m:[01;34m~/Documents/Site[00m$ rm -Rf site
]0;wendelhlc@wendelhlc-VirtualBox: ~/Documents/Site[01;32mwendelhlc@wendelhlc-VirtualBox[00m:[01;34m~/Documents/Site[00m$ clear
[3;J[H[2J]0;wendelhlc@wendelhlc-VirtualBox: ~/Documents/Site[01;32mwendelhlc@wendelhlc-VirtualBox[00m:[01;34m~/Documents/Site[00m$ ls
Changes     [0m[01;34mlib[0m          README  [01;34mscript[0m     site.psgi
controller  Makefile.PL  [01;34mroot[0m    site.conf  [01;34mt[0m
]0;wendelhlc@wendelhlc-VirtualBox: ~/Documents/Site[01;32mwendelhlc@wendelhlc-VirtualBox[00m:[01;34m~/Documents/Site[00m$ cd root
]0;wendelhlc@wendelhlc-VirtualBox: ~/Documents/Site/root[01;32mwendelhlc@wendelhlc-VirtualBox[00m:[01;34m~/Documents/Site/root[00m$ ls
[0m[01;34massets[0m  favicon.ico  [01;34msite[0m  [01;34mstatic[0m
]0;wendelhlc@wendelhlc-VirtualBox: ~/Documents/Site/root[01;32mwendelhlc@wendelhlc-VirtualBox[00m:[01;34m~/Documents/Site/root[00m$ cd site/
]0;wendelhlc@wendelhlc-VirtualBox: ~/Documents/Site/root/site[01;32mwendelhlc@wendelhlc-VirtualBox[00m:[01;34m~/Documents/Site/root/site[00m$ ls
[0m[01;34mhome[0m  _layout.tt  [01;34mshared[0m
]0;wendelhlc@wendelhlc-VirtualBox: ~/Documents/Site/root/site[01;32mwendelhlc@wendelhlc-VirtualBox[00m:[01;34m~/Documents/Site/root/site[00m$ clear
[3;J[H[2J]0;wendelhlc@wendelhlc-VirtualBox: ~/Documents/Site/root/site[01;32mwendelhlc@wendelhlc-VirtualBox[00m:[01;34m~/Documents/Site/root/site[00m$ ls
[0m[01;34mhome[0m  _layout.tt  [01;34mshared[0m
]0;wendelhlc@wendelhlc-VirtualBox: ~/Documents/Site/root/site[01;32mwendelhlc@wendelhlc-VirtualBox[00m:[01;34m~/Documents/Site/root/site[00m$ mkdir blast
]0;wendelhlc@wendelhlc-VirtualBox: ~/Documents/Site/root/site[01;32mwendelhlc@wendelhlc-VirtualBox[00m:[01;34m~/Documents/Site/root/site[00m$ ls[K[K
Saw changes to the following files:
 - /home/wendelhlc/Documents/Site/lib/Site/Controller/Home.pm (modify)

Attempting to restart the server

[debug] Debug messages enabled
[debug] Statistics enabled
[debug] Loaded Config "/home/wendelhlc/Documents/Site/site.conf"
Term::Size::Any is not installed, can't autodetect terminal column width
Trouble trying to detect your terminal size, looking at $ENV{COLUMNS}
Cannot determine desired terminal width, using default of 80 columns
[debug] Loaded plugins:
.----------------------------------------------------------------------------.
| Catalyst::Plugin::ConfigLoader  0.34                                       |
'----------------------------------------------------------------------------'

[debug] Loaded PSGI Middleware:
.----------------------------------------------------------------------------.
| Catalyst::Middleware::Stash                                                |
| Plack::Middleware::HTTPExceptions                                          |
| Plack::Middleware::RemoveRedundantBody  0.04                               |
| Plack::Middleware::FixMissingBodyInRedirect  0.12                          |
| Plack::Middleware::ContentLength                                           |
| Plack::Middleware::MethodOverride  0.15                                    |
| Plack::Middleware::Head                                                    |
'----------------------------------------------------------------------------'

[debug] Loaded Request Data Handlers:
.----------------------------------------------------------------------------.
| application/json                                                           |
| application/x-www-form-urlencoded                                          |
'----------------------------------------------------------------------------'

[debug] Loaded dispatcher "Catalyst::Dispatcher"
[debug] Loaded engine "Catalyst::Engine"
[debug] Found home "/home/wendelhlc/Documents/Site"
[debug] Loaded components:
.-----------------------------------------------------------------+----------.
| Class                                                           | Type     |
+-----------------------------------------------------------------+----------+
| Site::Controller::Blast                                         | instance |
| Site::Controller::Home                                          | instance |
| Site::Controller::Root                                          | instance |
| Site::View::TT                                                  | instance |
'-----------------------------------------------------------------+----------'

[debug] Loaded Private actions:
.----------------------+--------------------------------------+--------------.
| Private              | Class                                | Method       |
+----------------------+--------------------------------------+--------------+
| /default             | Site::Controller::Root               | default      |
| /end                 | Site::Controller::Root               | end          |
| /index               | Site::Controller::Root               | index        |
| /blast/index         | Site::Controller::Blast              | index        |
| /home/index          | Site::Controller::Home               | index        |
'----------------------+--------------------------------------+--------------'

[debug] Loaded Path actions:
.-------------------------------------+--------------------------------------.
| Path                                | Private                              |
+-------------------------------------+--------------------------------------+
| /                                   | /index                               |
| /...                                | /default                             |
| /blast/                             | /blast/index                         |
| /home/                              | /home/index                          |
'-------------------------------------+--------------------------------------'

[info] Site powered by Catalyst 5.90106
failed to listen to port 3000: Address already in use at /usr/local/share/perl/5.22.1/HTTP/Server/PSGI.pm line 94.

Saw changes to the following files:
 - /home/wendelhlc/Documents/Site/lib/Site/Controller/Blast.pm (modify)

Attempting to restart the server

[debug] Debug messages enabled
[debug] Statistics enabled
[debug] Loaded Config "/home/wendelhlc/Documents/Site/site.conf"
Term::Size::Any is not installed, can't autodetect terminal column width
Trouble trying to detect your terminal size, looking at $ENV{COLUMNS}
Cannot determine desired terminal width, using default of 80 columns
[debug] Loaded plugins:
.----------------------------------------------------------------------------.
| Catalyst::Plugin::ConfigLoader  0.34                                       |
'----------------------------------------------------------------------------'

[debug] Loaded PSGI Middleware:
.----------------------------------------------------------------------------.
| Catalyst::Middleware::Stash                                                |
| Plack::Middleware::HTTPExceptions                                          |
| Plack::Middleware::RemoveRedundantBody  0.04                               |
| Plack::Middleware::FixMissingBodyInRedirect  0.12                          |
| Plack::Middleware::ContentLength                                           |
| Plack::Middleware::MethodOverride  0.15                                    |
| Plack::Middleware::Head                                                    |
'----------------------------------------------------------------------------'

[debug] Loaded Request Data Handlers:
.----------------------------------------------------------------------------.
| application/x-www-form-urlencoded                                          |
| application/json                                                           |
'----------------------------------------------------------------------------'

[debug] Loaded dispatcher "Catalyst::Dispatcher"
[debug] Loaded engine "Catalyst::Engine"
[debug] Found home "/home/wendelhlc/Documents/Site"
[debug] Loaded components:
.-----------------------------------------------------------------+----------.
| Class                                                           | Type     |
+-----------------------------------------------------------------+----------+
| Site::Controller::Blast                                         | instance |
| Site::Controller::Home                                          | instance |
| Site::Controller::Root                                          | instance |
| Site::View::TT                                                  | instance |
'-----------------------------------------------------------------+----------'

[debug] Loaded Private actions:
.----------------------+--------------------------------------+--------------.
| Private              | Class                                | Method       |
+----------------------+--------------------------------------+--------------+
| /default             | Site::Controller::Root               | default      |
| /end                 | Site::Controller::Root               | end          |
| /index               | Site::Controller::Root               | index        |
| /home/index          | Site::Controller::Home               | index        |
| /blast/index         | Site::Controller::Blast              | index        |
'----------------------+--------------------------------------+--------------'

[debug] Loaded Path actions:
.-------------------------------------+--------------------------------------.
| Path                                | Private                              |
+-------------------------------------+--------------------------------------+
| /                                   | /index                               |
| /...                                | /default                             |
| /blast/                             | /blast/index                         |
| /home/                              | /home/index                          |
'-------------------------------------+--------------------------------------'

[info] Site powered by Catalyst 5.90106
failed to listen to port 3000: Address already in use at /usr/local/share/perl/5.22.1/HTTP/Server/PSGI.pm line 94.

Saw changes to the following files:
 - /home/wendelhlc/Documents/Site/lib/Site/Controller/Blast.pm (modify)

Attempting to restart the server

[debug] Debug messages enabled
[debug] Statistics enabled
[debug] Loaded Config "/home/wendelhlc/Documents/Site/site.conf"
Term::Size::Any is not installed, can't autodetect terminal column width
Trouble trying to detect your terminal size, looking at $ENV{COLUMNS}
Cannot determine desired terminal width, using default of 80 columns
[debug] Loaded plugins:
.----------------------------------------------------------------------------.
| Catalyst::Plugin::ConfigLoader  0.34                                       |
'----------------------------------------------------------------------------'

[debug] Loaded PSGI Middleware:
.----------------------------------------------------------------------------.
| Catalyst::Middleware::Stash                                                |
| Plack::Middleware::HTTPExceptions                                          |
| Plack::Middleware::RemoveRedundantBody  0.04                               |
| Plack::Middleware::FixMissingBodyInRedirect  0.12                          |
| Plack::Middleware::ContentLength                                           |
| Plack::Middleware::MethodOverride  0.15                                    |
| Plack::Middleware::Head                                                    |
'----------------------------------------------------------------------------'

[debug] Loaded Request Data Handlers:
.----------------------------------------------------------------------------.
| application/json                                                           |
| application/x-www-form-urlencoded                                          |
'----------------------------------------------------------------------------'

[debug] Loaded dispatcher "Catalyst::Dispatcher"
[debug] Loaded engine "Catalyst::Engine"
[debug] Found home "/home/wendelhlc/Documents/Site"
[debug] Loaded components:
.-----------------------------------------------------------------+----------.
| Class                                                           | Type     |
+-----------------------------------------------------------------+----------+
| Site::Controller::Blast                                         | instance |
| Site::Controller::Home                                          | instance |
| Site::Controller::Root                                          | instance |
| Site::View::TT                                                  | instance |
'-----------------------------------------------------------------+----------'

[debug] Loaded Private actions:
.----------------------+--------------------------------------+--------------.
| Private              | Class                                | Method       |
+----------------------+--------------------------------------+--------------+
| /end                 | Site::Controller::Root               | end          |
| /index               | Site::Controller::Root               | index        |
| /default             | Site::Controller::Root               | default      |
| /blast/index         | Site::Controller::Blast              | index        |
| /home/index          | Site::Controller::Home               | index        |
'----------------------+--------------------------------------+--------------'

[debug] Loaded Path actions:
.-------------------------------------+--------------------------------------.
| Path                                | Private                              |
+-------------------------------------+--------------------------------------+
| /                                   | /index                               |
| /...                                | /default                             |
| /blast/                             | /blast/index                         |
| /home/                              | /home/index                          |
'-------------------------------------+--------------------------------------'

[info] Site powered by Catalyst 5.90106
failed to listen to port 3000: Address already in use at /usr/local/share/perl/5.22.1/HTTP/Server/PSGI.pm line 94.
clear
[3;J[H[2J]0;wendelhlc@wendelhlc-VirtualBox: ~/Documents/Site/root/site[01;32mwendelhlc@wendelhlc-VirtualBox[00m:[01;34m~/Documents/Site/root/site[00m$ l[Kcd ../../
]0;wendelhlc@wendelhlc-VirtualBox: ~/Documents/Site[01;32mwendelhlc@wendelhlc-VirtualBox[00m:[01;34m~/Documents/Site[00m$ clear
[3;J[H[2J]0;wendelhlc@wendelhlc-VirtualBox: ~/Documents/Site[01;32mwendelhlc@wendelhlc-VirtualBox[00m:[01;34m~/Documents/Site[00m$ ls
Changes     [0m[01;34mlib[0m          README  [01;34mscript[0m     site.psgi
controller  Makefile.PL  [01;34mroot[0m    site.conf  [01;34mt[0m
]0;wendelhlc@wendelhlc-VirtualBox: ~/Documents/Site[01;32mwendelhlc@wendelhlc-VirtualBox[00m:[01;34m~/Documents/Site[00m$ clear
[3;J[H[2J]0;wendelhlc@wendelhlc-VirtualBox: ~/Documents/Site[01;32mwendelhlc@wendelhlc-VirtualBox[00m:[01;34m~/Documents/Site[00m$ script/site_create.pl controlle r SearchDatabase
 exists "/home/wendelhlc/Documents/Site/script/../lib/Site/Controller"
 exists "/home/wendelhlc/Documents/Site/script/../t"
created "/home/wendelhlc/Documents/Site/script/../lib/Site/Controller/SearchDatabase.pm"
created "/home/wendelhlc/Documents/Site/script/../t/controller_SearchDatabase.t"
]0;wendelhlc@wendelhlc-VirtualBox: ~/Documents/Site[01;32mwendelhlc@wendelhlc-VirtualBox[00m:[01;34m~/Documents/Site[00m$ 
Saw changes to the following files:
 - /home/wendelhlc/Documents/Site/lib/Site/Controller/SearchDatabase.pm (create)

Attempting to restart the server

[debug] Debug messages enabled
[debug] Statistics enabled
[debug] Loaded Config "/home/wendelhlc/Documents/Site/site.conf"
Term::Size::Any is not installed, can't autodetect terminal column width
Trouble trying to detect your terminal size, looking at $ENV{COLUMNS}
Cannot determine desired terminal width, using default of 80 columns
[debug] Loaded plugins:
.----------------------------------------------------------------------------.
| Catalyst::Plugin::ConfigLoader  0.34                                       |
'----------------------------------------------------------------------------'

[debug] Loaded PSGI Middleware:
.----------------------------------------------------------------------------.
| Catalyst::Middleware::Stash                                                |
| Plack::Middleware::HTTPExceptions                                          |
| Plack::Middleware::RemoveRedundantBody  0.04                               |
| Plack::Middleware::FixMissingBodyInRedirect  0.12                          |
| Plack::Middleware::ContentLength                                           |
| Plack::Middleware::MethodOverride  0.15                                    |
| Plack::Middleware::Head                                                    |
'----------------------------------------------------------------------------'

[debug] Loaded Request Data Handlers:
.----------------------------------------------------------------------------.
| application/json                                                           |
| application/x-www-form-urlencoded                                          |
'----------------------------------------------------------------------------'

[debug] Loaded dispatcher "Catalyst::Dispatcher"
[debug] Loaded engine "Catalyst::Engine"
[debug] Found home "/home/wendelhlc/Documents/Site"
[debug] Loaded components:
.-----------------------------------------------------------------+----------.
| Class                                                           | Type     |
+-----------------------------------------------------------------+----------+
| Site::Controller::Blast                                         | instance |
| Site::Controller::Home                                          | instance |
| Site::Controller::Root                                          | instance |
| Site::Controller::SearchDatabase                                | instance |
| Site::View::TT                                                  | instance |
'-----------------------------------------------------------------+----------'

[debug] Loaded Private actions:
.----------------------+--------------------------------------+--------------.
| Private              | Class                                | Method       |
+----------------------+--------------------------------------+--------------+
| /end                 | Site::Controller::Root               | end          |
| /index               | Site::Controller::Root               | index        |
| /default             | Site::Controller::Root               | default      |
| /blast/index         | Site::Controller::Blast              | index        |
| /searchdatabase/ind- | Site::Controller::SearchDatabase     | index        |
| ex                   |                                      |              |
| /home/index          | Site::Controller::Home               | index        |
'----------------------+--------------------------------------+--------------'

[debug] Loaded Path actions:
.-------------------------------------+--------------------------------------.
| Path                                | Private                              |
+-------------------------------------+--------------------------------------+
| /                                   | /index                               |
| /...                                | /default                             |
| /blast/                             | /blast/index                         |
| /home/                              | /home/index                          |
| /searchdatabase/                    | /searchdatabase/index                |
'-------------------------------------+--------------------------------------'

[info] Site powered by Catalyst 5.90106
failed to listen to port 3000: Address already in use at /usr/local/share/perl/5.22.1/HTTP/Server/PSGI.pm line 94.
clearscript/site_create.pl controllerr SearchDatabase[A]0;wendelhlc@wendelhlc-VirtualBox: ~/Documents/Site[01;32mwendelhlc@wendelhlc-VirtualBox[00m:[01;34m~/Documents/Site[00m$ clear[K
[K[A[C[C[C[C[C[C[C[C[C[C[C[C[C[C[C[C[C[C[C[C[C[C[C[C[C[C[C[C[C[C[C[C[C[C[C[C[C[C[C[C[C[C[C[C[C[C[C[C[C[C[C[C[C[Cscript/site_create.pl controllerr SearchDatabase[K[K[K[K[K[K[K[K[K[K[K[K[K[KGlobalAnalyses
 exists "/home/wendelhlc/Documents/Site/script/../lib/Site/Controller"
 exists "/home/wendelhlc/Documents/Site/script/../t"
created "/home/wendelhlc/Documents/Site/script/../lib/Site/Controller/GlobalAnalyses.pm"
created "/home/wendelhlc/Documents/Site/script/../t/controller_GlobalAnalyses.t"
]0;wendelhlc@wendelhlc-VirtualBox: ~/Documents/Site[01;32mwendelhlc@wendelhlc-VirtualBox[00m:[01;34m~/Documents/Site[00m$ 
Saw changes to the following files:
 - /home/wendelhlc/Documents/Site/lib/Site/Controller/GlobalAnalyses.pm (create)

Attempting to restart the server

[debug] Debug messages enabled
[debug] Statistics enabled
[debug] Loaded Config "/home/wendelhlc/Documents/Site/site.conf"
Term::Size::Any is not installed, can't autodetect terminal column width
Trouble trying to detect your terminal size, looking at $ENV{COLUMNS}
Cannot determine desired terminal width, using default of 80 columns
[debug] Loaded plugins:
.----------------------------------------------------------------------------.
| Catalyst::Plugin::ConfigLoader  0.34                                       |
'----------------------------------------------------------------------------'

[debug] Loaded PSGI Middleware:
.----------------------------------------------------------------------------.
| Catalyst::Middleware::Stash                                                |
| Plack::Middleware::HTTPExceptions                                          |
| Plack::Middleware::RemoveRedundantBody  0.04                               |
| Plack::Middleware::FixMissingBodyInRedirect  0.12                          |
| Plack::Middleware::ContentLength                                           |
| Plack::Middleware::MethodOverride  0.15                                    |
| Plack::Middleware::Head                                                    |
'----------------------------------------------------------------------------'

[debug] Loaded Request Data Handlers:
.----------------------------------------------------------------------------.
| application/x-www-form-urlencoded                                          |
| application/json                                                           |
'----------------------------------------------------------------------------'

[debug] Loaded dispatcher "Catalyst::Dispatcher"
[debug] Loaded engine "Catalyst::Engine"
[debug] Found home "/home/wendelhlc/Documents/Site"
[debug] Loaded components:
.-----------------------------------------------------------------+----------.
| Class                                                           | Type     |
+-----------------------------------------------------------------+----------+
| Site::Controller::Blast                                         | instance |
| Site::Controller::GlobalAnalyses                                | instance |
| Site::Controller::Home                                          | instance |
| Site::Controller::Root                                          | instance |
| Site::Controller::SearchDatabase                                | instance |
| Site::View::TT                                                  | instance |
'-----------------------------------------------------------------+----------'

[debug] Loaded Private actions:
.----------------------+--------------------------------------+--------------.
| Private              | Class                                | Method       |
+----------------------+--------------------------------------+--------------+
| /default             | Site::Controller::Root               | default      |
| /index               | Site::Controller::Root               | index        |
| /end                 | Site::Controller::Root               | end          |
| /blast/index         | Site::Controller::Blast              | index        |
| /searchdatabase/ind- | Site::Controller::SearchDatabase     | index        |
| ex                   |                                      |              |
| /globalanalyses/ind- | Site::Controller::GlobalAnalyses     | index        |
| ex                   |                                      |              |
| /home/index          | Site::Controller::Home               | index        |
'----------------------+--------------------------------------+--------------'

[debug] Loaded Path actions:
.-------------------------------------+--------------------------------------.
| Path                                | Private                              |
+-------------------------------------+--------------------------------------+
| /                                   | /index                               |
| /...                                | /default                             |
| /blast/                             | /blast/index                         |
| /globalanalyses/                    | /globalanalyses/index                |
| /home/                              | /home/index                          |
| /searchdatabase/                    | /searchdatabase/index                |
'-------------------------------------+--------------------------------------'

[info] Site powered by Catalyst 5.90106
failed to listen to port 3000: Address already in use at /usr/local/share/perl/5.22.1/HTTP/Server/PSGI.pm line 94.
clear
[3;J[H[2J]0;wendelhlc@wendelhlc-VirtualBox: ~/Documents/Site[01;32mwendelhlc@wendelhlc-VirtualBox[00m:[01;34m~/Documents/Site[00m$ clearscript/site_create.pl controllerr GlobalAnalyses[K[K[K[K[K[K[K[K[K[K[K[K[K[KDownloads
 exists "/home/wendelhlc/Documents/Site/script/../lib/Site/Controller"
 exists "/home/wendelhlc/Documents/Site/script/../t"
created "/home/wendelhlc/Documents/Site/script/../lib/Site/Controller/Downloads.pm"
created "/home/wendelhlc/Documents/Site/script/../t/controller_Downloads.t"
]0;wendelhlc@wendelhlc-VirtualBox: ~/Documents/Site[01;32mwendelhlc@wendelhlc-VirtualBox[00m:[01;34m~/Documents/Site[00m$ 
Saw changes to the following files:
 - /home/wendelhlc/Documents/Site/lib/Site/Controller/Downloads.pm (create)

Attempting to restart the server

[debug] Debug messages enabled
[debug] Statistics enabled
[debug] Loaded Config "/home/wendelhlc/Documents/Site/site.conf"
Term::Size::Any is not installed, can't autodetect terminal column width
Trouble trying to detect your terminal size, looking at $ENV{COLUMNS}
Cannot determine desired terminal width, using default of 80 columns
[debug] Loaded plugins:
.----------------------------------------------------------------------------.
| Catalyst::Plugin::ConfigLoader  0.34                                       |
'----------------------------------------------------------------------------'

[debug] Loaded PSGI Middleware:
.----------------------------------------------------------------------------.
| Catalyst::Middleware::Stash                                                |
| Plack::Middleware::HTTPExceptions                                          |
| Plack::Middleware::RemoveRedundantBody  0.04                               |
| Plack::Middleware::FixMissingBodyInRedirect  0.12                          |
| Plack::Middleware::ContentLength                                           |
| Plack::Middleware::MethodOverride  0.15                                    |
| Plack::Middleware::Head                                                    |
'----------------------------------------------------------------------------'

[debug] Loaded Request Data Handlers:
.----------------------------------------------------------------------------.
| application/x-www-form-urlencoded                                          |
| application/json                                                           |
'----------------------------------------------------------------------------'

[debug] Loaded dispatcher "Catalyst::Dispatcher"
[debug] Loaded engine "Catalyst::Engine"
[debug] Found home "/home/wendelhlc/Documents/Site"
[debug] Loaded components:
.-----------------------------------------------------------------+----------.
| Class                                                           | Type     |
+-----------------------------------------------------------------+----------+
| Site::Controller::Blast                                         | instance |
| Site::Controller::Downloads                                     | instance |
| Site::Controller::GlobalAnalyses                                | instance |
| Site::Controller::Home                                          | instance |
| Site::Controller::Root                                          | instance |
| Site::Controller::SearchDatabase                                | instance |
| Site::View::TT                                                  | instance |
'-----------------------------------------------------------------+----------'

[debug] Loaded Private actions:
.----------------------+--------------------------------------+--------------.
| Private              | Class                                | Method       |
+----------------------+--------------------------------------+--------------+
| /end                 | Site::Controller::Root               | end          |
| /index               | Site::Controller::Root               | index        |
| /default             | Site::Controller::Root               | default      |
| /home/index          | Site::Controller::Home               | index        |
| /searchdatabase/ind- | Site::Controller::SearchDatabase     | index        |
| ex                   |                                      |              |
| /downloads/index     | Site::Controller::Downloads          | index        |
| /globalanalyses/ind- | Site::Controller::GlobalAnalyses     | index        |
| ex                   |                                      |              |
| /blast/index         | Site::Controller::Blast              | index        |
'----------------------+--------------------------------------+--------------'

[debug] Loaded Path actions:
.-------------------------------------+--------------------------------------.
| Path                                | Private                              |
+-------------------------------------+--------------------------------------+
| /                                   | /index                               |
| /...                                | /default                             |
| /blast/                             | /blast/index                         |
| /downloads/                         | /downloads/index                     |
| /globalanalyses/                    | /globalanalyses/index                |
| /home/                              | /home/index                          |
| /searchdatabase/                    | /searchdatabase/index                |
'-------------------------------------+--------------------------------------'

[info] Site powered by Catalyst 5.90106
failed to listen to port 3000: Address already in use at /usr/local/share/perl/5.22.1/HTTP/Server/PSGI.pm line 94.
clear
[3;J[H[2J]0;wendelhlc@wendelhlc-VirtualBox: ~/Documents/Site[01;32mwendelhlc@wendelhlc-VirtualBox[00m:[01;34m~/Documents/Site[00m$ clearscript/site_create.pl controllerr Downloads[K[K[K[K[K[K[K[K[KHelp
 exists "/home/wendelhlc/Documents/Site/script/../lib/Site/Controller"
 exists "/home/wendelhlc/Documents/Site/script/../t"
created "/home/wendelhlc/Documents/Site/script/../lib/Site/Controller/Help.pm"
created "/home/wendelhlc/Documents/Site/script/../t/controller_Help.t"
]0;wendelhlc@wendelhlc-VirtualBox: ~/Documents/Site[01;32mwendelhlc@wendelhlc-VirtualBox[00m:[01;34m~/Documents/Site[00m$ 
Saw changes to the following files:
 - /home/wendelhlc/Documents/Site/lib/Site/Controller/Help.pm (create)

Attempting to restart the server

[debug] Debug messages enabled
[debug] Statistics enabled
[debug] Loaded Config "/home/wendelhlc/Documents/Site/site.conf"
Term::Size::Any is not installed, can't autodetect terminal column width
Trouble trying to detect your terminal size, looking at $ENV{COLUMNS}
Cannot determine desired terminal width, using default of 80 columns
[debug] Loaded plugins:
.----------------------------------------------------------------------------.
| Catalyst::Plugin::ConfigLoader  0.34                                       |
'----------------------------------------------------------------------------'

[debug] Loaded PSGI Middleware:
.----------------------------------------------------------------------------.
| Catalyst::Middleware::Stash                                                |
| Plack::Middleware::HTTPExceptions                                          |
| Plack::Middleware::RemoveRedundantBody  0.04                               |
| Plack::Middleware::FixMissingBodyInRedirect  0.12                          |
| Plack::Middleware::ContentLength                                           |
| Plack::Middleware::MethodOverride  0.15                                    |
| Plack::Middleware::Head                                                    |
'----------------------------------------------------------------------------'

[debug] Loaded Request Data Handlers:
.----------------------------------------------------------------------------.
| application/x-www-form-urlencoded                                          |
| application/json                                                           |
'----------------------------------------------------------------------------'

[debug] Loaded dispatcher "Catalyst::Dispatcher"
[debug] Loaded engine "Catalyst::Engine"
[debug] Found home "/home/wendelhlc/Documents/Site"
[debug] Loaded components:
.-----------------------------------------------------------------+----------.
| Class                                                           | Type     |
+-----------------------------------------------------------------+----------+
| Site::Controller::Blast                                         | instance |
| Site::Controller::Downloads                                     | instance |
| Site::Controller::GlobalAnalyses                                | instance |
| Site::Controller::Help                                          | instance |
| Site::Controller::Home                                          | instance |
| Site::Controller::Root                                          | instance |
| Site::Controller::SearchDatabase                                | instance |
| Site::View::TT                                                  | instance |
'-----------------------------------------------------------------+----------'

[debug] Loaded Private actions:
.----------------------+--------------------------------------+--------------.
| Private              | Class                                | Method       |
+----------------------+--------------------------------------+--------------+
| /default             | Site::Controller::Root               | default      |
| /end                 | Site::Controller::Root               | end          |
| /index               | Site::Controller::Root               | index        |
| /downloads/index     | Site::Controller::Downloads          | index        |
| /blast/index         | Site::Controller::Blast              | index        |
| /searchdatabase/ind- | Site::Controller::SearchDatabase     | index        |
| ex                   |                                      |              |
| /globalanalyses/ind- | Site::Controller::GlobalAnalyses     | index        |
| ex                   |                                      |              |
| /home/index          | Site::Controller::Home               | index        |
| /help/index          | Site::Controller::Help               | index        |
'----------------------+--------------------------------------+--------------'

[debug] Loaded Path actions:
.-------------------------------------+--------------------------------------.
| Path                                | Private                              |
+-------------------------------------+--------------------------------------+
| /                                   | /index                               |
| /...                                | /default                             |
| /blast/                             | /blast/index                         |
| /downloads/                         | /downloads/index                     |
| /globalanalyses/                    | /globalanalyses/index                |
| /help/                              | /help/index                          |
| /home/                              | /home/index                          |
| /searchdatabase/                    | /searchdatabase/index                |
'-------------------------------------+--------------------------------------'

[info] Site powered by Catalyst 5.90106
failed to listen to port 3000: Address already in use at /usr/local/share/perl/5.22.1/HTTP/Server/PSGI.pm line 94.
script/site_create.pl controllerr Help[K[K[K[KAbout
 exists "/home/wendelhlc/Documents/Site/script/../lib/Site/Controller"
 exists "/home/wendelhlc/Documents/Site/script/../t"
created "/home/wendelhlc/Documents/Site/script/../lib/Site/Controller/About.pm"
created "/home/wendelhlc/Documents/Site/script/../t/controller_About.t"
]0;wendelhlc@wendelhlc-VirtualBox: ~/Documents/Site[01;32mwendelhlc@wendelhlc-VirtualBox[00m:[01;34m~/Documents/Site[00m$ 
Saw changes to the following files:
 - /home/wendelhlc/Documents/Site/lib/Site/Controller/About.pm (create)

Attempting to restart the server

[debug] Debug messages enabled
[debug] Statistics enabled
[debug] Loaded Config "/home/wendelhlc/Documents/Site/site.conf"
Term::Size::Any is not installed, can't autodetect terminal column width
Trouble trying to detect your terminal size, looking at $ENV{COLUMNS}
Cannot determine desired terminal width, using default of 80 columns
[debug] Loaded plugins:
.----------------------------------------------------------------------------.
| Catalyst::Plugin::ConfigLoader  0.34                                       |
'----------------------------------------------------------------------------'

[debug] Loaded PSGI Middleware:
.----------------------------------------------------------------------------.
| Catalyst::Middleware::Stash                                                |
| Plack::Middleware::HTTPExceptions                                          |
| Plack::Middleware::RemoveRedundantBody  0.04                               |
| Plack::Middleware::FixMissingBodyInRedirect  0.12                          |
| Plack::Middleware::ContentLength                                           |
| Plack::Middleware::MethodOverride  0.15                                    |
| Plack::Middleware::Head                                                    |
'----------------------------------------------------------------------------'

[debug] Loaded Request Data Handlers:
.----------------------------------------------------------------------------.
| application/x-www-form-urlencoded                                          |
| application/json                                                           |
'----------------------------------------------------------------------------'

[debug] Loaded dispatcher "Catalyst::Dispatcher"
[debug] Loaded engine "Catalyst::Engine"
[debug] Found home "/home/wendelhlc/Documents/Site"
[debug] Loaded components:
.-----------------------------------------------------------------+----------.
| Class                                                           | Type     |
+-----------------------------------------------------------------+----------+
| Site::Controller::About                                         | instance |
| Site::Controller::Blast                                         | instance |
| Site::Controller::Downloads                                     | instance |
| Site::Controller::GlobalAnalyses                                | instance |
| Site::Controller::Help                                          | instance |
| Site::Controller::Home                                          | instance |
| Site::Controller::Root                                          | instance |
| Site::Controller::SearchDatabase                                | instance |
| Site::View::TT                                                  | instance |
'-----------------------------------------------------------------+----------'

[debug] Loaded Private actions:
.----------------------+--------------------------------------+--------------.
| Private              | Class                                | Method       |
+----------------------+--------------------------------------+--------------+
| /end                 | Site::Controller::Root               | end          |
| /index               | Site::Controller::Root               | index        |
| /default             | Site::Controller::Root               | default      |
| /home/index          | Site::Controller::Home               | index        |
| /about/index         | Site::Controller::About              | index        |
| /searchdatabase/ind- | Site::Controller::SearchDatabase     | index        |
| ex                   |                                      |              |
| /globalanalyses/ind- | Site::Controller::GlobalAnalyses     | index        |
| ex                   |                                      |              |
| /help/index          | Site::Controller::Help               | index        |
| /downloads/index     | Site::Controller::Downloads          | index        |
| /blast/index         | Site::Controller::Blast              | index        |
'----------------------+--------------------------------------+--------------'

[debug] Loaded Path actions:
.-------------------------------------+--------------------------------------.
| Path                                | Private                              |
+-------------------------------------+--------------------------------------+
| /                                   | /index                               |
| /...                                | /default                             |
| /about/                             | /about/index                         |
| /blast/                             | /blast/index                         |
| /downloads/                         | /downloads/index                     |
| /globalanalyses/                    | /globalanalyses/index                |
| /help/                              | /help/index                          |
| /home/                              | /home/index                          |
| /searchdatabase/                    | /searchdatabase/index                |
'-------------------------------------+--------------------------------------'

[info] Site powered by Catalyst 5.90106
failed to listen to port 3000: Address already in use at /usr/local/share/perl/5.22.1/HTTP/Server/PSGI.pm line 94.

Saw changes to the following files:
 - /home/wendelhlc/Documents/Site/lib/Site/Controller/About.pm (modify)

Attempting to restart the server

[debug] Debug messages enabled
[debug] Statistics enabled
[debug] Loaded Config "/home/wendelhlc/Documents/Site/site.conf"
Term::Size::Any is not installed, can't autodetect terminal column width
Trouble trying to detect your terminal size, looking at $ENV{COLUMNS}
Cannot determine desired terminal width, using default of 80 columns
[debug] Loaded plugins:
.----------------------------------------------------------------------------.
| Catalyst::Plugin::ConfigLoader  0.34                                       |
'----------------------------------------------------------------------------'

[debug] Loaded PSGI Middleware:
.----------------------------------------------------------------------------.
| Catalyst::Middleware::Stash                                                |
| Plack::Middleware::HTTPExceptions                                          |
| Plack::Middleware::RemoveRedundantBody  0.04                               |
| Plack::Middleware::FixMissingBodyInRedirect  0.12                          |
| Plack::Middleware::ContentLength                                           |
| Plack::Middleware::MethodOverride  0.15                                    |
| Plack::Middleware::Head                                                    |
'----------------------------------------------------------------------------'

[debug] Loaded Request Data Handlers:
.----------------------------------------------------------------------------.
| application/x-www-form-urlencoded                                          |
| application/json                                                           |
'----------------------------------------------------------------------------'

[debug] Loaded dispatcher "Catalyst::Dispatcher"
[debug] Loaded engine "Catalyst::Engine"
[debug] Found home "/home/wendelhlc/Documents/Site"
[debug] Loaded components:
.-----------------------------------------------------------------+----------.
| Class                                                           | Type     |
+-----------------------------------------------------------------+----------+
| Site::Controller::About                                         | instance |
| Site::Controller::Blast                                         | instance |
| Site::Controller::Downloads                                     | instance |
| Site::Controller::GlobalAnalyses                                | instance |
| Site::Controller::Help                                          | instance |
| Site::Controller::Home                                          | instance |
| Site::Controller::Root                                          | instance |
| Site::Controller::SearchDatabase                                | instance |
| Site::View::TT                                                  | instance |
'-----------------------------------------------------------------+----------'

[debug] Loaded Private actions:
.----------------------+--------------------------------------+--------------.
| Private              | Class                                | Method       |
+----------------------+--------------------------------------+--------------+
| /end                 | Site::Controller::Root               | end          |
| /index               | Site::Controller::Root               | index        |
| /default             | Site::Controller::Root               | default      |
| /blast/index         | Site::Controller::Blast              | index        |
| /downloads/index     | Site::Controller::Downloads          | index        |
| /help/index          | Site::Controller::Help               | index        |
| /home/index          | Site::Controller::Home               | index        |
| /about/index         | Site::Controller::About              | index        |
| /globalanalyses/ind- | Site::Controller::GlobalAnalyses     | index        |
| ex                   |                                      |              |
| /searchdatabase/ind- | Site::Controller::SearchDatabase     | index        |
| ex                   |                                      |              |
'----------------------+--------------------------------------+--------------'

[debug] Loaded Path actions:
.-------------------------------------+--------------------------------------.
| Path                                | Private                              |
+-------------------------------------+--------------------------------------+
| /                                   | /index                               |
| /...                                | /default                             |
| /about/                             | /about/index                         |
| /blast/                             | /blast/index                         |
| /downloads/                         | /downloads/index                     |
| /globalanalyses/                    | /globalanalyses/index                |
| /help/                              | /help/index                          |
| /home/                              | /home/index                          |
| /searchdatabase/                    | /searchdatabase/index                |
'-------------------------------------+--------------------------------------'

[info] Site powered by Catalyst 5.90106
failed to listen to port 3000: Address already in use at /usr/local/share/perl/5.22.1/HTTP/Server/PSGI.pm line 94.

Saw changes to the following files:
 - /home/wendelhlc/Documents/Site/lib/Site/Controller/Downloads.pm (modify)

Attempting to restart the server

[debug] Debug messages enabled
[debug] Statistics enabled
[debug] Loaded Config "/home/wendelhlc/Documents/Site/site.conf"
Term::Size::Any is not installed, can't autodetect terminal column width
Trouble trying to detect your terminal size, looking at $ENV{COLUMNS}
Cannot determine desired terminal width, using default of 80 columns
[debug] Loaded plugins:
.----------------------------------------------------------------------------.
| Catalyst::Plugin::ConfigLoader  0.34                                       |
'----------------------------------------------------------------------------'

[debug] Loaded PSGI Middleware:
.----------------------------------------------------------------------------.
| Catalyst::Middleware::Stash                                                |
| Plack::Middleware::HTTPExceptions                                          |
| Plack::Middleware::RemoveRedundantBody  0.04                               |
| Plack::Middleware::FixMissingBodyInRedirect  0.12                          |
| Plack::Middleware::ContentLength                                           |
| Plack::Middleware::MethodOverride  0.15                                    |
| Plack::Middleware::Head                                                    |
'----------------------------------------------------------------------------'

[debug] Loaded Request Data Handlers:
.----------------------------------------------------------------------------.
| application/x-www-form-urlencoded                                          |
| application/json                                                           |
'----------------------------------------------------------------------------'

[debug] Loaded dispatcher "Catalyst::Dispatcher"
[debug] Loaded engine "Catalyst::Engine"
[debug] Found home "/home/wendelhlc/Documents/Site"
[debug] Loaded components:
.-----------------------------------------------------------------+----------.
| Class                                                           | Type     |
+-----------------------------------------------------------------+----------+
| Site::Controller::About                                         | instance |
| Site::Controller::Blast                                         | instance |
| Site::Controller::Downloads                                     | instance |
| Site::Controller::GlobalAnalyses                                | instance |
| Site::Controller::Help                                          | instance |
| Site::Controller::Home                                          | instance |
| Site::Controller::Root                                          | instance |
| Site::Controller::SearchDatabase                                | instance |
| Site::View::TT                                                  | instance |
'-----------------------------------------------------------------+----------'

[debug] Loaded Private actions:
.----------------------+--------------------------------------+--------------.
| Private              | Class                                | Method       |
+----------------------+--------------------------------------+--------------+
| /default             | Site::Controller::Root               | default      |
| /end                 | Site::Controller::Root               | end          |
| /index               | Site::Controller::Root               | index        |
| /help/index          | Site::Controller::Help               | index        |
| /home/index          | Site::Controller::Home               | index        |
| /about/index         | Site::Controller::About              | index        |
| /searchdatabase/ind- | Site::Controller::SearchDatabase     | index        |
| ex                   |                                      |              |
| /globalanalyses/ind- | Site::Controller::GlobalAnalyses     | index        |
| ex                   |                                      |              |
| /blast/index         | Site::Controller::Blast              | index        |
| /downloads/index     | Site::Controller::Downloads          | index        |
'----------------------+--------------------------------------+--------------'

[debug] Loaded Path actions:
.-------------------------------------+--------------------------------------.
| Path                                | Private                              |
+-------------------------------------+--------------------------------------+
| /                                   | /index                               |
| /...                                | /default                             |
| /about/                             | /about/index                         |
| /blast/                             | /blast/index                         |
| /downloads/                         | /downloads/index                     |
| /globalanalyses/                    | /globalanalyses/index                |
| /help/                              | /help/index                          |
| /home/                              | /home/index                          |
| /searchdatabase/                    | /searchdatabase/index                |
'-------------------------------------+--------------------------------------'

[info] Site powered by Catalyst 5.90106
failed to listen to port 3000: Address already in use at /usr/local/share/perl/5.22.1/HTTP/Server/PSGI.pm line 94.

Saw changes to the following files:
 - /home/wendelhlc/Documents/Site/lib/Site/Controller/Downloads.pm (modify)

Attempting to restart the server

[debug] Debug messages enabled
[debug] Statistics enabled
[debug] Loaded Config "/home/wendelhlc/Documents/Site/site.conf"
Term::Size::Any is not installed, can't autodetect terminal column width
Trouble trying to detect your terminal size, looking at $ENV{COLUMNS}
Cannot determine desired terminal width, using default of 80 columns
[debug] Loaded plugins:
.----------------------------------------------------------------------------.
| Catalyst::Plugin::ConfigLoader  0.34                                       |
'----------------------------------------------------------------------------'

[debug] Loaded PSGI Middleware:
.----------------------------------------------------------------------------.
| Catalyst::Middleware::Stash                                                |
| Plack::Middleware::HTTPExceptions                                          |
| Plack::Middleware::RemoveRedundantBody  0.04                               |
| Plack::Middleware::FixMissingBodyInRedirect  0.12                          |
| Plack::Middleware::ContentLength                                           |
| Plack::Middleware::MethodOverride  0.15                                    |
| Plack::Middleware::Head                                                    |
'----------------------------------------------------------------------------'

[debug] Loaded Request Data Handlers:
.----------------------------------------------------------------------------.
| application/json                                                           |
| application/x-www-form-urlencoded                                          |
'----------------------------------------------------------------------------'

[debug] Loaded dispatcher "Catalyst::Dispatcher"
[debug] Loaded engine "Catalyst::Engine"
[debug] Found home "/home/wendelhlc/Documents/Site"
[debug] Loaded components:
.-----------------------------------------------------------------+----------.
| Class                                                           | Type     |
+-----------------------------------------------------------------+----------+
| Site::Controller::About                                         | instance |
| Site::Controller::Blast                                         | instance |
| Site::Controller::Downloads                                     | instance |
| Site::Controller::GlobalAnalyses                                | instance |
| Site::Controller::Help                                          | instance |
| Site::Controller::Home                                          | instance |
| Site::Controller::Root                                          | instance |
| Site::Controller::SearchDatabase                                | instance |
| Site::View::TT                                                  | instance |
'-----------------------------------------------------------------+----------'

[debug] Loaded Private actions:
.----------------------+--------------------------------------+--------------.
| Private              | Class                                | Method       |
+----------------------+--------------------------------------+--------------+
| /end                 | Site::Controller::Root               | end          |
| /index               | Site::Controller::Root               | index        |
| /default             | Site::Controller::Root               | default      |
| /help/index          | Site::Controller::Help               | index        |
| /home/index          | Site::Controller::Home               | index        |
| /searchdatabase/ind- | Site::Controller::SearchDatabase     | index        |
| ex                   |                                      |              |
| /globalanalyses/ind- | Site::Controller::GlobalAnalyses     | index        |
| ex                   |                                      |              |
| /about/index         | Site::Controller::About              | index        |
| /blast/index         | Site::Controller::Blast              | index        |
| /downloads/index     | Site::Controller::Downloads          | index        |
'----------------------+--------------------------------------+--------------'

[debug] Loaded Path actions:
.-------------------------------------+--------------------------------------.
| Path                                | Private                              |
+-------------------------------------+--------------------------------------+
| /                                   | /index                               |
| /...                                | /default                             |
| /about/                             | /about/index                         |
| /blast/                             | /blast/index                         |
| /downloads/                         | /downloads/index                     |
| /globalanalyses/                    | /globalanalyses/index                |
| /help/                              | /help/index                          |
| /home/                              | /home/index                          |
| /searchdatabase/                    | /searchdatabase/index                |
'-------------------------------------+--------------------------------------'

[info] Site powered by Catalyst 5.90106
failed to listen to port 3000: Address already in use at /usr/local/share/perl/5.22.1/HTTP/Server/PSGI.pm line 94.

Saw changes to the following files:
 - /home/wendelhlc/Documents/Site/lib/Site/Controller/About.pm (modify)

Attempting to restart the server

[debug] Debug messages enabled
[debug] Statistics enabled
[debug] Loaded Config "/home/wendelhlc/Documents/Site/site.conf"
Term::Size::Any is not installed, can't autodetect terminal column width
Trouble trying to detect your terminal size, looking at $ENV{COLUMNS}
Cannot determine desired terminal width, using default of 80 columns
[debug] Loaded plugins:
.----------------------------------------------------------------------------.
| Catalyst::Plugin::ConfigLoader  0.34                                       |
'----------------------------------------------------------------------------'

[debug] Loaded PSGI Middleware:
.----------------------------------------------------------------------------.
| Catalyst::Middleware::Stash                                                |
| Plack::Middleware::HTTPExceptions                                          |
| Plack::Middleware::RemoveRedundantBody  0.04                               |
| Plack::Middleware::FixMissingBodyInRedirect  0.12                          |
| Plack::Middleware::ContentLength                                           |
| Plack::Middleware::MethodOverride  0.15                                    |
| Plack::Middleware::Head                                                    |
'----------------------------------------------------------------------------'

[debug] Loaded Request Data Handlers:
.----------------------------------------------------------------------------.
| application/json                                                           |
| application/x-www-form-urlencoded                                          |
'----------------------------------------------------------------------------'

[debug] Loaded dispatcher "Catalyst::Dispatcher"
[debug] Loaded engine "Catalyst::Engine"
[debug] Found home "/home/wendelhlc/Documents/Site"
[debug] Loaded components:
.-----------------------------------------------------------------+----------.
| Class                                                           | Type     |
+-----------------------------------------------------------------+----------+
| Site::Controller::About                                         | instance |
| Site::Controller::Blast                                         | instance |
| Site::Controller::Downloads                                     | instance |
| Site::Controller::GlobalAnalyses                                | instance |
| Site::Controller::Help                                          | instance |
| Site::Controller::Home                                          | instance |
| Site::Controller::Root                                          | instance |
| Site::Controller::SearchDatabase                                | instance |
| Site::View::TT                                                  | instance |
'-----------------------------------------------------------------+----------'

[debug] Loaded Private actions:
.----------------------+--------------------------------------+--------------.
| Private              | Class                                | Method       |
+----------------------+--------------------------------------+--------------+
| /default             | Site::Controller::Root               | default      |
| /end                 | Site::Controller::Root               | end          |
| /index               | Site::Controller::Root               | index        |
| /searchdatabase/ind- | Site::Controller::SearchDatabase     | index        |
| ex                   |                                      |              |
| /globalanalyses/ind- | Site::Controller::GlobalAnalyses     | index        |
| ex                   |                                      |              |
| /about/index         | Site::Controller::About              | index        |
| /home/index          | Site::Controller::Home               | index        |
| /help/index          | Site::Controller::Help               | index        |
| /downloads/index     | Site::Controller::Downloads          | index        |
| /blast/index         | Site::Controller::Blast              | index        |
'----------------------+--------------------------------------+--------------'

[debug] Loaded Path actions:
.-------------------------------------+--------------------------------------.
| Path                                | Private                              |
+-------------------------------------+--------------------------------------+
| /                                   | /index                               |
| /...                                | /default                             |
| /about/                             | /about/index                         |
| /blast/                             | /blast/index                         |
| /downloads/                         | /downloads/index                     |
| /globalanalyses/                    | /globalanalyses/index                |
| /help/                              | /help/index                          |
| /home/                              | /home/index                          |
| /searchdatabase/                    | /searchdatabase/index                |
'-------------------------------------+--------------------------------------'

[info] Site powered by Catalyst 5.90106
failed to listen to port 3000: Address already in use at /usr/local/share/perl/5.22.1/HTTP/Server/PSGI.pm line 94.

Saw changes to the following files:
 - /home/wendelhlc/Documents/Site/lib/Site/Controller/GlobalAnalyses.pm (modify)

Attempting to restart the server

[debug] Debug messages enabled
[debug] Statistics enabled
[debug] Loaded Config "/home/wendelhlc/Documents/Site/site.conf"
Term::Size::Any is not installed, can't autodetect terminal column width
Trouble trying to detect your terminal size, looking at $ENV{COLUMNS}
Cannot determine desired terminal width, using default of 80 columns
[debug] Loaded plugins:
.----------------------------------------------------------------------------.
| Catalyst::Plugin::ConfigLoader  0.34                                       |
'----------------------------------------------------------------------------'

[debug] Loaded PSGI Middleware:
.----------------------------------------------------------------------------.
| Catalyst::Middleware::Stash                                                |
| Plack::Middleware::HTTPExceptions                                          |
| Plack::Middleware::RemoveRedundantBody  0.04                               |
| Plack::Middleware::FixMissingBodyInRedirect  0.12                          |
| Plack::Middleware::ContentLength                                           |
| Plack::Middleware::MethodOverride  0.15                                    |
| Plack::Middleware::Head                                                    |
'----------------------------------------------------------------------------'

[debug] Loaded Request Data Handlers:
.----------------------------------------------------------------------------.
| application/x-www-form-urlencoded                                          |
| application/json                                                           |
'----------------------------------------------------------------------------'

[debug] Loaded dispatcher "Catalyst::Dispatcher"
[debug] Loaded engine "Catalyst::Engine"
[debug] Found home "/home/wendelhlc/Documents/Site"
[debug] Loaded components:
.-----------------------------------------------------------------+----------.
| Class                                                           | Type     |
+-----------------------------------------------------------------+----------+
| Site::Controller::About                                         | instance |
| Site::Controller::Blast                                         | instance |
| Site::Controller::Downloads                                     | instance |
| Site::Controller::GlobalAnalyses                                | instance |
| Site::Controller::Help                                          | instance |
| Site::Controller::Home                                          | instance |
| Site::Controller::Root                                          | instance |
| Site::Controller::SearchDatabase                                | instance |
| Site::View::TT                                                  | instance |
'-----------------------------------------------------------------+----------'

[debug] Loaded Private actions:
.----------------------+--------------------------------------+--------------.
| Private              | Class                                | Method       |
+----------------------+--------------------------------------+--------------+
| /end                 | Site::Controller::Root               | end          |
| /index               | Site::Controller::Root               | index        |
| /default             | Site::Controller::Root               | default      |
| /help/index          | Site::Controller::Help               | index        |
| /home/index          | Site::Controller::Home               | index        |
| /about/index         | Site::Controller::About              | index        |
| /searchdatabase/ind- | Site::Controller::SearchDatabase     | index        |
| ex                   |                                      |              |
| /globalanalyses/ind- | Site::Controller::GlobalAnalyses     | index        |
| ex                   |                                      |              |
| /blast/index         | Site::Controller::Blast              | index        |
| /downloads/index     | Site::Controller::Downloads          | index        |
'----------------------+--------------------------------------+--------------'

[debug] Loaded Path actions:
.-------------------------------------+--------------------------------------.
| Path                                | Private                              |
+-------------------------------------+--------------------------------------+
| /                                   | /index                               |
| /...                                | /default                             |
| /about/                             | /about/index                         |
| /blast/                             | /blast/index                         |
| /downloads/                         | /downloads/index                     |
| /globalanalyses/                    | /globalanalyses/index                |
| /help/                              | /help/index                          |
| /home/                              | /home/index                          |
| /searchdatabase/                    | /searchdatabase/index                |
'-------------------------------------+--------------------------------------'

[info] Site powered by Catalyst 5.90106
failed to listen to port 3000: Address already in use at /usr/local/share/perl/5.22.1/HTTP/Server/PSGI.pm line 94.

Saw changes to the following files:
 - /home/wendelhlc/Documents/Site/lib/Site/Controller/Help.pm (modify)

Attempting to restart the server

[debug] Debug messages enabled
[debug] Statistics enabled
[debug] Loaded Config "/home/wendelhlc/Documents/Site/site.conf"
Term::Size::Any is not installed, can't autodetect terminal column width
Trouble trying to detect your terminal size, looking at $ENV{COLUMNS}
Cannot determine desired terminal width, using default of 80 columns
[debug] Loaded plugins:
.----------------------------------------------------------------------------.
| Catalyst::Plugin::ConfigLoader  0.34                                       |
'----------------------------------------------------------------------------'

[debug] Loaded PSGI Middleware:
.----------------------------------------------------------------------------.
| Catalyst::Middleware::Stash                                                |
| Plack::Middleware::HTTPExceptions                                          |
| Plack::Middleware::RemoveRedundantBody  0.04                               |
| Plack::Middleware::FixMissingBodyInRedirect  0.12                          |
| Plack::Middleware::ContentLength                                           |
| Plack::Middleware::MethodOverride  0.15                                    |
| Plack::Middleware::Head                                                    |
'----------------------------------------------------------------------------'

[debug] Loaded Request Data Handlers:
.----------------------------------------------------------------------------.
| application/x-www-form-urlencoded                                          |
| application/json                                                           |
'----------------------------------------------------------------------------'

[debug] Loaded dispatcher "Catalyst::Dispatcher"
[debug] Loaded engine "Catalyst::Engine"
[debug] Found home "/home/wendelhlc/Documents/Site"
[debug] Loaded components:
.-----------------------------------------------------------------+----------.
| Class                                                           | Type     |
+-----------------------------------------------------------------+----------+
| Site::Controller::About                                         | instance |
| Site::Controller::Blast                                         | instance |
| Site::Controller::Downloads                                     | instance |
| Site::Controller::GlobalAnalyses                                | instance |
| Site::Controller::Help                                          | instance |
| Site::Controller::Home                                          | instance |
| Site::Controller::Root                                          | instance |
| Site::Controller::SearchDatabase                                | instance |
| Site::View::TT                                                  | instance |
'-----------------------------------------------------------------+----------'

[debug] Loaded Private actions:
.----------------------+--------------------------------------+--------------.
| Private              | Class                                | Method       |
+----------------------+--------------------------------------+--------------+
| /default             | Site::Controller::Root               | default      |
| /end                 | Site::Controller::Root               | end          |
| /index               | Site::Controller::Root               | index        |
| /help/index          | Site::Controller::Help               | index        |
| /home/index          | Site::Controller::Home               | index        |
| /about/index         | Site::Controller::About              | index        |
| /searchdatabase/ind- | Site::Controller::SearchDatabase     | index        |
| ex                   |                                      |              |
| /globalanalyses/ind- | Site::Controller::GlobalAnalyses     | index        |
| ex                   |                                      |              |
| /blast/index         | Site::Controller::Blast              | index        |
| /downloads/index     | Site::Controller::Downloads          | index        |
'----------------------+--------------------------------------+--------------'

[debug] Loaded Path actions:
.-------------------------------------+--------------------------------------.
| Path                                | Private                              |
+-------------------------------------+--------------------------------------+
| /                                   | /index                               |
| /...                                | /default                             |
| /about/                             | /about/index                         |
| /blast/                             | /blast/index                         |
| /downloads/                         | /downloads/index                     |
| /globalanalyses/                    | /globalanalyses/index                |
| /help/                              | /help/index                          |
| /home/                              | /home/index                          |
| /searchdatabase/                    | /searchdatabase/index                |
'-------------------------------------+--------------------------------------'

[info] Site powered by Catalyst 5.90106
failed to listen to port 3000: Address already in use at /usr/local/share/perl/5.22.1/HTTP/Server/PSGI.pm line 94.

Saw changes to the following files:
 - /home/wendelhlc/Documents/Site/lib/Site/Controller/SearchDatabase.pm (modify)

Attempting to restart the server

[debug] Debug messages enabled
[debug] Statistics enabled
[debug] Loaded Config "/home/wendelhlc/Documents/Site/site.conf"
Term::Size::Any is not installed, can't autodetect terminal column width
Trouble trying to detect your terminal size, looking at $ENV{COLUMNS}
Cannot determine desired terminal width, using default of 80 columns
[debug] Loaded plugins:
.----------------------------------------------------------------------------.
| Catalyst::Plugin::ConfigLoader  0.34                                       |
'----------------------------------------------------------------------------'

[debug] Loaded PSGI Middleware:
.----------------------------------------------------------------------------.
| Catalyst::Middleware::Stash                                                |
| Plack::Middleware::HTTPExceptions                                          |
| Plack::Middleware::RemoveRedundantBody  0.04                               |
| Plack::Middleware::FixMissingBodyInRedirect  0.12                          |
| Plack::Middleware::ContentLength                                           |
| Plack::Middleware::MethodOverride  0.15                                    |
| Plack::Middleware::Head                                                    |
'----------------------------------------------------------------------------'

[debug] Loaded Request Data Handlers:
.----------------------------------------------------------------------------.
| application/json                                                           |
| application/x-www-form-urlencoded                                          |
'----------------------------------------------------------------------------'

[debug] Loaded dispatcher "Catalyst::Dispatcher"
[debug] Loaded engine "Catalyst::Engine"
[debug] Found home "/home/wendelhlc/Documents/Site"
[debug] Loaded components:
.-----------------------------------------------------------------+----------.
| Class                                                           | Type     |
+-----------------------------------------------------------------+----------+
| Site::Controller::About                                         | instance |
| Site::Controller::Blast                                         | instance |
| Site::Controller::Downloads                                     | instance |
| Site::Controller::GlobalAnalyses                                | instance |
| Site::Controller::Help                                          | instance |
| Site::Controller::Home                                          | instance |
| Site::Controller::Root                                          | instance |
| Site::Controller::SearchDatabase                                | instance |
| Site::View::TT                                                  | instance |
'-----------------------------------------------------------------+----------'

[debug] Loaded Private actions:
.----------------------+--------------------------------------+--------------.
| Private              | Class                                | Method       |
+----------------------+--------------------------------------+--------------+
| /default             | Site::Controller::Root               | default      |
| /end                 | Site::Controller::Root               | end          |
| /index               | Site::Controller::Root               | index        |
| /help/index          | Site::Controller::Help               | index        |
| /home/index          | Site::Controller::Home               | index        |
| /about/index         | Site::Controller::About              | index        |
| /searchdatabase/ind- | Site::Controller::SearchDatabase     | index        |
| ex                   |                                      |              |
| /globalanalyses/ind- | Site::Controller::GlobalAnalyses     | index        |
| ex                   |                                      |              |
| /blast/index         | Site::Controller::Blast              | index        |
| /downloads/index     | Site::Controller::Downloads          | index        |
'----------------------+--------------------------------------+--------------'

[debug] Loaded Path actions:
.-------------------------------------+--------------------------------------.
| Path                                | Private                              |
+-------------------------------------+--------------------------------------+
| /                                   | /index                               |
| /...                                | /default                             |
| /about/                             | /about/index                         |
| /blast/                             | /blast/index                         |
| /downloads/                         | /downloads/index                     |
| /globalanalyses/                    | /globalanalyses/index                |
| /help/                              | /help/index                          |
| /home/                              | /home/index                          |
| /searchdatabase/                    | /searchdatabase/index                |
'-------------------------------------+--------------------------------------'

[info] Site powered by Catalyst 5.90106
failed to listen to port 3000: Address already in use at /usr/local/share/perl/5.22.1/HTTP/Server/PSGI.pm line 94.
clear
[3;J[H[2J[1]-  Done                    gedit _layout.tt  (wd: ~/Documents/Site/root/site)
(wd now: ~/Documents/Site)
]0;wendelhlc@wendelhlc-VirtualBox: ~/Documents/Site[01;32mwendelhlc@wendelhlc-VirtualBox[00m:[01;34m~/Documents/Site[00m$ clear
[3;J[H[2J]0;wendelhlc@wendelhlc-VirtualBox: ~/Documents/Site[01;32mwendelhlc@wendelhlc-VirtualBox[00m:[01;34m~/Documents/Site[00m$ clearscript/site_create.pl controllerr About[C[C[1PHelp[K[K[K[K[K[K[A[C[C[C[C[C[C[C[C[C[C[C[C[C[C[C[C[C[C[C[C[C[C[C[C[C[C[C[C[C[C[C[C[C[C[C[C[C[C[C[C[C[C[C[C[C[C[C[C[C[C[C[C[C[C[C[C[C[C[C[C[C[C[C[C[C[C[C[C[C[C[C[C[C[C[C[C[C[C[C[K
[K[A[C[C[C[C[C[C[C[C[C[C[C[C[C[C[C[C[C[C[C[C[C[C[C[C[C[C[C[C[C[C[C[C[C[C[C[C[C[C[C[C[C[C[C[C[C[C[C[C[C[C[C[C[C[C[C[C[C[C[C[C[C[C[C[C[C[C[C[C[C[C[C[C[C[C[C[C[C[C[C[K[K[K[K[K[K[K[K[K[K[K[K[K[K[K[K[K[K[K_server.pl -r
[debug] Debug messages enabled
[debug] Statistics enabled
[debug] Loaded Config "/home/wendelhlc/Documents/Site/site.conf"
Term::Size::Any is not installed, can't autodetect terminal column width
Trouble trying to detect your terminal size, looking at $ENV{COLUMNS}
Cannot determine desired terminal width, using default of 80 columns
[debug] Loaded plugins:
.----------------------------------------------------------------------------.
| Catalyst::Plugin::ConfigLoader  0.34                                       |
'----------------------------------------------------------------------------'

[debug] Loaded PSGI Middleware:
.----------------------------------------------------------------------------.
| Catalyst::Middleware::Stash                                                |
| Plack::Middleware::HTTPExceptions                                          |
| Plack::Middleware::RemoveRedundantBody  0.04                               |
| Plack::Middleware::FixMissingBodyInRedirect  0.12                          |
| Plack::Middleware::ContentLength                                           |
| Plack::Middleware::MethodOverride  0.15                                    |
| Plack::Middleware::Head                                                    |
'----------------------------------------------------------------------------'

[debug] Loaded Request Data Handlers:
.----------------------------------------------------------------------------.
| application/x-www-form-urlencoded                                          |
| application/json                                                           |
'----------------------------------------------------------------------------'

[debug] Loaded dispatcher "Catalyst::Dispatcher"
[debug] Loaded engine "Catalyst::Engine"
[debug] Found home "/home/wendelhlc/Documents/Site"
[debug] Loaded components:
.-----------------------------------------------------------------+----------.
| Class                                                           | Type     |
+-----------------------------------------------------------------+----------+
| Site::Controller::About                                         | instance |
| Site::Controller::Blast                                         | instance |
| Site::Controller::Downloads                                     | instance |
| Site::Controller::GlobalAnalyses                                | instance |
| Site::Controller::Help                                          | instance |
| Site::Controller::Home                                          | instance |
| Site::Controller::Root                                          | instance |
| Site::Controller::SearchDatabase                                | instance |
| Site::View::TT                                                  | instance |
'-----------------------------------------------------------------+----------'

[debug] Loaded Private actions:
.----------------------+--------------------------------------+--------------.
| Private              | Class                                | Method       |
+----------------------+--------------------------------------+--------------+
| /index               | Site::Controller::Root               | index        |
| /default             | Site::Controller::Root               | default      |
| /end                 | Site::Controller::Root               | end          |
| /searchdatabase/ind- | Site::Controller::SearchDatabase     | index        |
| ex                   |                                      |              |
| /home/index          | Site::Controller::Home               | index        |
| /globalanalyses/ind- | Site::Controller::GlobalAnalyses     | index        |
| ex                   |                                      |              |
| /downloads/index     | Site::Controller::Downloads          | index        |
| /blast/index         | Site::Controller::Blast              | index        |
| /about/index         | Site::Controller::About              | index        |
| /help/index          | Site::Controller::Help               | index        |
'----------------------+--------------------------------------+--------------'

[debug] Loaded Path actions:
.-------------------------------------+--------------------------------------.
| Path                                | Private                              |
+-------------------------------------+--------------------------------------+
| /                                   | /index                               |
| /...                                | /default                             |
| /about/                             | /about/index                         |
| /blast/                             | /blast/index                         |
| /downloads/                         | /downloads/index                     |
| /globalanalyses/                    | /globalanalyses/index                |
| /help/                              | /help/index                          |
| /home/                              | /home/index                          |
| /searchdatabase/                    | /searchdatabase/index                |
'-------------------------------------+--------------------------------------'

[info] Site powered by Catalyst 5.90106
failed to listen to port 3000: Address already in use at /usr/local/share/perl/5.22.1/HTTP/Server/PSGI.pm line 94.
^C
]0;wendelhlc@wendelhlc-VirtualBox: ~/Documents/Site[01;32mwendelhlc@wendelhlc-VirtualBox[00m:[01;34m~/Documents/Site[00m$ clear
[3;J[H[2J]0;wendelhlc@wendelhlc-VirtualBox: ~/Documents/Site[01;32mwendelhlc@wendelhlc-VirtualBox[00m:[01;34m~/Documents/Site[00m$ exit
exit

Script done on Qui 07 Jul 2016 15:33:28 BRT
